400
0 60 32
1 316 52
2 326 94
3 217 41
4 307 154
5 364 189
6 394 74
7 304 184
8 306 138
9 112 119
10 198 83
11 356 140
12 328 106
13 69 120
14 166 102
15 299 107
16 120 74
17 94 131
18 50 159
19 345 95
20 268 11
21 89 133
22 58 94
23 17 115
24 84 164
25 85 88
26 48 81
27 298 26
28 323 189
29 95 191
30 73 192
31 386 151
32 185 86
33 388 112
34 220 21
35 204 148
36 54 49
37 83 9
38 329 87
39 114 57
40 198 78
41 257 69
42 49 191
43 89 132
44 217 168
45 212 196
46 311 131
47 149 149
48 286 49
49 97 35
50 96 54
51 149 19
52 313 98
53 279 25
54 98 170
55 114 58
56 290 18
57 387 0
58 127 32
59 206 120
60 28 190
61 204 85
62 157 137
63 188 100
64 36 95
65 171 5
66 127 84
67 382 143
68 334 132
69 360 69
70 110 109
71 82 21
72 59 31
73 6 62
74 266 36
75 73 1
76 57 83
77 238 52
78 88 116
79 290 198
80 296 197
81 324 153
82 348 117
83 342 36
84 350 100
85 73 88
86 296 95
87 32 141
88 37 58
89 31 136
90 185 5
91 365 189
92 322 104
93 257 120
94 305 47
95 183 129
96 344 44
97 31 128
98 42 89
99 25 184
100 20 172
101 321 140
102 99 146
103 354 151
104 321 55
105 338 51
106 302 168
107 383 77
108 382 122
109 347 6
110 291 108
111 352 26
112 301 116
113 113 107
114 349 79
115 263 99
116 378 66
117 3 119
118 278 30
119 74 15
120 352 127
121 301 119
122 53 36
123 141 36
124 150 163
125 145 194
126 228 120
127 135 190
128 101 132
129 199 129
130 20 20
131 244 33
132 55 117
133 179 185
134 345 180
135 397 90
136 21 114
137 311 54
138 379 71
139 235 129
140 160 46
141 363 155
142 293 71
143 134 42
144 269 14
145 285 96
146 96 125
147 336 134
148 52 14
149 351 171
150 185 156
151 130 88
152 332 198
153 125 165
154 214 82
155 300 137
156 211 103
157 166 182
158 116 174
159 52 1
160 23 5
161 168 132
162 142 19
163 300 147
164 184 8
165 279 55
166 165 177
167 33 173
168 75 200
169 101 182
170 320 138
171 176 70
172 319 131
173 18 131
174 384 47
175 179 62
176 79 15
177 326 90
178 261 32
179 92 55
180 357 65
181 321 143
182 47 93
183 152 85
184 150 50
185 305 26
186 143 37
187 384 160
188 21 90
189 380 55
190 255 62
191 287 25
192 53 104
193 198 182
194 126 30
195 275 139
196 224 157
197 244 128
198 263 119
199 143 46
200 160 149
201 118 86
202 191 217
203 352 362
204 142 325
205 66 283
206 264 55
207 24 261
208 324 181
209 274 124
210 151 377
211 316 84
212 317 262
213 16 206
214 108 251
215 166 306
216 174 319
217 273 133
218 197 158
219 280 54
220 277 312
221 29 151
222 250 16
223 286 43
224 65 243
225 138 27
226 318 97
227 37 348
228 231 283
229 290 143
230 364 387
231 195 260
232 34 207
233 41 289
234 199 231
235 344 247
236 90 43
237 195 42
238 23 160
239 70 93
240 59 296
241 60 364
242 375 52
243 57 368
244 172 150
245 248 94
246 70 71
247 296 200
248 330 308
249 52 371
250 266 184
251 188 196
252 39 253
253 193 350
254 367 14
255 95 112
256 354 208
257 231 184
258 119 156
259 95 295
260 12 55
261 140 226
262 368 293
263 59 273
264 247 358
265 298 208
266 193 166
267 316 51
268 204 303
269 31 253
270 190 382
271 328 144
272 187 271
273 141 286
274 254 242
275 255 275
276 147 201
277 393 122
278 140 59
279 119 286
280 174 224
281 24 273
282 12 201
283 393 251
284 378 111
285 15 6
286 136 340
287 301 229
288 169 141
289 165 116
290 234 243
291 225 141
292 353 93
293 289 71
294 297 38
295 375 2
296 208 182
297 354 0
298 63 315
299 397 51
300 170 288
301 284 26
302 103 20
303 312 195
304 290 362
305 154 224
306 124 348
307 282 172
308 35 43
309 374 12
310 17 192
311 357 123
312 187 196
313 161 94
314 195 249
315 76 133
316 227 170
317 310 64
318 389 165
319 143 86
320 159 368
321 72 20
322 375 176
323 287 279
324 240 186
325 127 36
326 250 359
327 335 321
328 346 80
329 140 130
330 116 320
331 166 29
332 50 310
333 7 181
334 308 101
335 28 266
336 106 138
337 60 40
338 146 286
339 153 4
340 323 48
341 50 212
342 64 374
343 287 264
344 373 399
345 141 299
346 53 186
347 263 372
348 254 19
349 137 22
350 145 98
351 265 344
352 19 243
353 18 106
354 379 27
355 181 159
356 323 113
357 64 236
358 325 364
359 0 30
360 72 93
361 65 75
362 186 142
363 263 249
364 112 131
365 333 252
366 35 257
367 298 165
368 133 19
369 249 129
370 275 91
371 132 369
372 58 269
373 115 208
374 62 215
375 314 99
376 244 107
377 327 389
378 201 260
379 209 367
380 315 285
381 286 395
382 72 17
383 53 99
384 11 342
385 83 33
386 355 278
387 390 400
388 93 298
389 8 393
390 143 143
391 52 389
392 371 241
393 301 25
394 13 63
395 261 395
396 321 113
397 341 244
398 250 61
399 363 306
