1123
0 1062 586
1 824 198
2 514 30
3 974 622
4 1161 239
5 531 40
6 647 588
7 663 823
8 358 396
9 1117 108
10 1158 1081
11 168 10
12 588 483
13 623 519
14 323 850
15 29 432
16 635 425
17 146 1176
18 827 152
19 1080 843
20 1112 831
21 777 1085
22 177 655
23 548 1046
24 714 1111
25 924 576
26 377 770
27 509 103
28 649 796
29 1070 528
30 542 42
31 179 651
32 43 1065
33 606 696
34 291 48
35 998 76
36 701 201
37 295 517
38 1182 525
39 781 807
40 1174 22
41 1164 1003
42 65 587
43 820 607
44 236 439
45 999 830
46 366 74
47 1192 837
48 865 728
49 254 1025
50 280 308
51 671 38
52 832 1175
53 848 99
54 165 923
55 85 448
56 287 852
57 1033 488
58 485 884
59 399 244
60 89 282
61 526 1110
62 360 247
63 415 692
64 317 324
65 386 227
66 215 392
67 255 333
68 457 995
69 1039 474
70 1127 939
71 1133 672
72 293 504
73 21 618
74 88 2
75 105 683
76 684 163
77 187 812
78 605 41
79 330 735
80 1199 556
81 1199 864
82 343 928
83 217 249
84 1129 574
85 58 190
86 821 417
87 781 668
88 348 1162
89 39 935
90 960 910
91 906 349
92 618 1186
93 1097 519
94 755 90
95 1019 1162
96 363 831
97 919 539
98 129 333
99 564 669
100 311 812
101 87 19
102 566 1170
103 404 916
104 36 943
105 1147 1025
106 189 928
107 885 213
108 743 219
109 326 729
110 504 60
111 105 589
112 784 190
113 103 735
114 876 284
115 631 495
116 182 1132
117 73 660
118 627 941
119 1008 816
120 819 901
121 518 908
122 167 341
123 764 599
124 70 765
125 415 402
126 297 876
127 1108 1007
128 278 412
129 269 213
130 793 941
131 150 1133
132 554 497
133 794 994
134 287 128
135 172 745
136 1042 898
137 950 631
138 485 114
139 587 634
140 65 774
141 16 159
142 413 508
143 715 1050
144 99 970
145 290 604
146 568 881
147 24 607
148 120 44
149 329 736
150 1013 532
151 1091 1055
152 1030 1090
153 979 119
154 107 504
155 1039 291
156 99 364
157 790 1121
158 830 904
159 698 1147
160 931 445
161 616 915
162 703 596
163 605 577
164 679 1124
165 74 575
166 263 393
167 213 848
168 783 345
169 933 87
170 518 656
171 897 684
172 847 612
173 611 196
174 178 232
175 836 415
176 731 678
177 550 942
178 295 209
179 664 1172
180 244 15
181 736 1082
182 762 1177
183 1068 1062
184 729 996
185 916 917
186 33 688
187 827 756
188 83 836
189 1156 176
190 966 1186
191 1008 1021
192 1132 491
193 747 444
194 1153 969
195 179 97
196 566 1183
197 164 637
198 227 911
199 1074 310
200 176 1069
201 52 328
202 1021 390
203 520 162
204 485 315
205 958 629
206 17 1074
207 1155 682
208 1145 108
209 730 340
210 747 445
211 1111 383
212 700 124
213 989 219
214 724 986
215 969 768
216 45 165
217 617 991
218 904 1021
219 169 738
220 1024 115
221 423 1004
222 547 1012
223 820 715
224 1160 199
225 1008 461
226 563 559
227 197 1163
228 659 433
229 120 662
230 731 339
231 513 1022
232 947 227
233 638 806
234 342 700
235 118 908
236 172 900
237 23 994
238 377 1105
239 857 315
240 590 256
241 82 897
242 293 847
243 461 1161
244 498 564
245 687 869
246 876 708
247 462 1109
248 459 420
249 583 100
250 794 1025
251 1194 198
252 826 188
253 1130 262
254 152 27
255 738 289
256 554 843
257 410 5
258 1045 834
259 738 753
260 643 1162
261 60 474
262 270 1064
263 76 755
264 643 1085
265 607 886
266 259 556
267 106 978
268 869 198
269 799 639
270 1051 1075
271 445 983
272 1136 32
273 30 291
274 82 992
275 300 830
276 436 731
277 151 438
278 113 854
279 564 721
280 360 48
281 775 393
282 776 415
283 820 738
284 1084 284
285 1106 1106
286 691 1052
287 302 4
288 31 89
289 509 55
290 499 859
291 533 554
292 1066 111
293 643 312
294 268 873
295 1126 833
296 66 1007
297 105 267
298 82 986
299 805 802
300 1048 1074
301 158 1183
302 162 104
303 306 467
304 735 1133
305 233 860
306 1070 1102
307 114 595
308 124 856
309 963 686
310 200 929
311 1027 562
312 1190 533
313 965 349
314 361 1063
315 128 428
316 186 1182
317 672 634
318 806 304
319 738 422
320 566 731
321 788 738
322 1093 817
323 394 804
324 417 501
325 401 386
326 118 24
327 728 582
328 525 157
329 378 133
330 713 492
331 1112 581
332 1108 404
333 1166 771
334 119 413
335 819 250
336 340 506
337 126 818
338 910 697
339 261 748
340 542 982
341 429 200
342 125 714
343 689 1109
344 452 839
345 636 145
346 594 382
347 811 601
348 404 289
349 480 394
350 291 311
351 265 756
352 488 107
353 642 1034
354 409 1016
355 844 516
356 117 15
357 717 502
358 510 865
359 459 1058
360 1004 263
361 473 700
362 717 670
363 52 419
364 115 430
365 507 535
366 642 549
367 912 237
368 163 749
369 850 783
370 1093 957
371 303 756
372 219 904
373 142 1063
374 978 861
375 848 892
376 961 665
377 1025 327
378 50 522
379 710 1108
380 817 94
381 1145 50
382 728 903
383 201 1119
384 58 902
385 198 1193
386 95 928
387 1079 428
388 889 551
389 370 399
390 644 250
391 29 900
392 894 71
393 352 526
394 557 275
395 391 990
396 585 1120
397 440 71
398 36 742
399 1188 133
400 723 1018
401 439 645
402 977 86
403 84 242
404 1114 400
405 1042 178
406 498 764
407 1119 388
408 61 332
409 1190 1121
410 497 593
411 212 7
412 979 244
413 1019 579
414 132 196
415 461 764
416 1195 1144
417 221 63
418 907 471
419 492 33
420 985 186
421 1126 499
422 42 540
423 415 474
424 952 992
425 571 163
426 1030 614
427 367 1153
428 1022 1022
429 323 872
430 507 708
431 471 1105
432 855 762
433 1108 480
434 346 361
435 555 861
436 250 245
437 535 826
438 847 971
439 142 554
440 463 46
441 687 947
442 264 1091
443 932 1035
444 507 564
445 1071 602
446 673 285
447 342 893
448 187 605
449 393 666
450 851 515
451 789 146
452 127 553
453 241 527
454 509 1041
455 1073 378
456 446 771
457 928 27
458 1168 809
459 818 615
460 135 302
461 64 746
462 299 1039
463 600 156
464 730 864
465 866 974
466 60 611
467 483 695
468 252 804
469 996 576
470 1005 801
471 1136 287
472 958 358
473 1127 212
474 713 135
475 845 244
476 216 514
477 525 464
478 832 447
479 251 526
480 279 1022
481 580 807
482 896 675
483 796 705
484 798 806
485 961 951
486 853 1196
487 761 18
488 885 960
489 881 581
490 981 999
491 790 980
492 888 791
493 865 749
494 1007 471
495 201 873
496 34 1029
497 398 397
498 978 672
499 1174 1101
500 564 1121
501 745 831
502 637 12
503 562 1159
504 123 1100
505 402 1056
506 111 1133
507 253 265
508 123 289
509 113 518
510 34 579
511 678 1165
512 527 766
513 996 931
514 325 168
515 760 574
516 919 22
517 902 387
518 440 1
519 7 160
520 1030 560
521 310 24
522 368 1040
523 74 820
524 602 459
525 327 568
526 768 426
527 109 230
528 146 1035
529 459 170
530 687 1190
531 1075 886
532 114 1024
533 1000 128
534 1122 811
535 315 13
536 615 434
537 544 228
538 564 346
539 708 849
540 143 41
541 170 520
542 143 787
543 263 147
544 21 1058
545 15 50
546 103 226
547 964 1081
548 950 735
549 844 89
550 1005 142
551 577 303
552 994 391
553 1048 446
554 479 940
555 1098 835
556 983 852
557 114 1155
558 778 729
559 542 1003
560 496 443
561 495 670
562 216 392
563 985 1054
564 505 759
565 1140 193
566 11 9
567 906 939
568 878 1139
569 387 936
570 627 939
571 213 967
572 1138 733
573 9 429
574 609 744
575 1131 942
576 302 466
577 243 838
578 1008 537
579 570 1057
580 877 230
581 178 518
582 582 923
583 87 382
584 1146 874
585 350 320
586 912 328
587 1164 610
588 198 731
589 81 530
590 726 306
591 411 766
592 1133 1164
593 850 1073
594 415 484
595 1003 636
596 1155 639
597 163 1032
598 580 298
599 991 368
600 367 882
601 966 346
602 228 1134
603 565 138
604 633 157
605 335 533
606 857 64
607 310 1056
608 838 1090
609 604 576
610 271 161
611 398 1122
612 704 1022
613 1030 719
614 722 1087
615 654 1090
616 1064 122
617 328 1112
618 508 788
619 325 1162
620 959 574
621 506 511
622 963 1029
623 541 561
624 871 156
625 1089 635
626 1195 344
627 983 40
628 797 63
629 45 587
630 326 447
631 34 314
632 1045 588
633 1138 740
634 1180 303
635 740 800
636 270 319
637 222 156
638 547 774
639 579 495
640 847 1071
641 764 743
642 97 50
643 720 39
644 24 799
645 894 650
646 387 20
647 561 35
648 793 350
649 375 263
650 1146 375
651 1024 108
652 1172 1049
653 376 779
654 423 919
655 872 720
656 469 488
657 253 387
658 452 132
659 220 834
660 607 668
661 111 1077
662 609 908
663 843 506
664 989 353
665 1129 169
666 1011 574
667 347 712
668 996 740
669 958 978
670 1119 196
671 1052 44
672 195 156
673 705 825
674 139 215
675 1160 1122
676 546 93
677 175 333
678 841 882
679 876 671
680 24 523
681 66 357
682 643 919
683 826 1055
684 965 1162
685 677 260
686 185 890
687 1110 940
688 999 1049
689 81 918
690 845 347
691 657 1013
692 711 574
693 421 163
694 483 1081
695 77 1197
696 479 391
697 756 1188
698 413 120
699 352 603
700 929 466
701 557 115
702 940 1192
703 1017 265
704 315 873
705 197 62
706 1153 255
707 244 1071
708 160 356
709 99 1166
710 165 319
711 841 911
712 673 776
713 879 775
714 963 860
715 715 482
716 17 396
717 934 178
718 584 144
719 1003 103
720 215 860
721 818 218
722 1004 325
723 442 676
724 619 33
725 177 91
726 140 244
727 639 958
728 836 607
729 1076 935
730 538 72
731 938 1184
732 1113 266
733 1090 980
734 16 794
735 646 1137
736 586 619
737 48 192
738 143 520
739 961 1127
740 123 27
741 1012 231
742 851 602
743 488 247
744 575 25
745 1011 1171
746 1163 536
747 23 370
748 936 205
749 994 1153
750 1057 982
751 1041 704
752 767 316
753 1103 85
754 208 439
755 899 547
756 379 328
757 553 204
758 642 23
759 835 219
760 470 111
761 576 896
762 765 290
763 736 256
764 860 682
765 903 326
766 997 393
767 1004 1105
768 756 147
769 850 166
770 264 1178
771 969 1139
772 40 272
773 591 973
774 105 105
775 710 921
776 823 993
777 311 722
778 336 702
779 829 723
780 1046 883
781 451 1012
782 638 196
783 698 658
784 1116 1162
785 900 475
786 1124 1095
787 366 296
788 1001 496
789 824 916
790 1037 728
791 994 570
792 771 1040
793 887 424
794 382 910
795 514 1110
796 474 729
797 467 1023
798 555 955
799 687 736
800 619 1022
801 977 155
802 780 446
803 4 95
804 751 896
805 760 699
806 812 366
807 1198 1169
808 1035 977
809 1100 155
810 1113 341
811 233 387
812 529 600
813 165 1164
814 1178 272
815 280 409
816 105 578
817 506 656
818 723 247
819 1005 1
820 328 363
821 443 344
822 292 56
823 503 820
824 608 749
825 229 676
826 305 870
827 974 373
828 1062 911
829 1182 352
830 72 924
831 320 59
832 19 733
833 218 903
834 1064 606
835 1093 854
836 823 1050
837 160 1039
838 1020 781
839 842 21
840 787 174
841 316 203
842 1060 980
843 696 719
844 979 933
845 476 715
846 551 677
847 1179 607
848 1157 457
849 544 157
850 106 268
851 765 676
852 72 159
853 244 850
854 359 500
855 652 38
856 746 589
857 1096 1057
858 1195 581
859 393 655
860 749 486
861 630 964
862 577 894
863 1191 1029
864 639 1027
865 230 350
866 1174 1199
867 90 1138
868 821 992
869 1018 1182
870 832 469
871 249 1023
872 727 640
873 173 1009
874 289 91
875 924 370
876 1017 681
877 47 668
878 1191 672
879 1166 991
880 968 1136
881 499 371
882 511 458
883 1026 1096
884 739 554
885 373 67
886 932 1138
887 944 20
888 45 741
889 956 1175
890 634 1154
891 489 118
892 49 365
893 674 218
894 8 743
895 1198 424
896 604 683
897 490 555
898 574 777
899 524 431
900 31 341
901 993 194
902 284 1118
903 185 919
904 1061 343
905 196 280
906 179 994
907 622 1059
908 1130 1108
909 358 906
910 436 515
911 919 143
912 576 486
913 614 955
914 759 103
915 911 963
916 914 345
917 1157 678
918 235 917
919 179 972
920 837 11
921 713 541
922 359 1089
923 880 692
924 335 821
925 48 544
926 768 163
927 737 744
928 136 770
929 205 454
930 1172 1035
931 1102 100
932 876 299
933 486 700
934 482 420
935 602 1124
936 5 663
937 289 780
938 1138 72
939 594 752
940 115 1093
941 359 980
942 230 201
943 533 898
944 481 904
945 159 872
946 234 878
947 1123 1118
948 244 619
949 653 233
950 702 80
951 224 1020
952 411 261
953 1145 643
954 36 783
955 19 1129
956 1024 1033
957 704 404
958 320 785
959 1055 861
960 644 1051
961 959 158
962 640 662
963 367 733
964 564 462
965 1073 452
966 271 992
967 1072 963
968 541 1172
969 1191 311
970 260 234
971 581 743
972 1132 405
973 478 24
974 714 197
975 331 739
976 62 48
977 464 583
978 619 376
979 126 971
980 677 812
981 63 972
982 1034 108
983 750 25
984 1156 173
985 844 180
986 951 897
987 983 360
988 426 370
989 886 1050
990 964 406
991 1165 1160
992 1097 1195
993 431 457
994 453 1141
995 486 344
996 795 1176
997 443 176
998 989 490
999 337 971
1000 313 693
1001 268 892
1002 189 863
1003 994 233
1004 924 790
1005 581 183
1006 384 58
1007 1175 998
1008 280 633
1009 907 865
1010 996 121
1011 443 665
1012 150 291
1013 1063 19
1014 476 1039
1015 57 601
1016 496 1167
1017 715 216
1018 1028 218
1019 1062 37
1020 692 968
1021 915 19
1022 666 1094
1023 596 1162
1024 1104 690
1025 381 1124
1026 505 279
1027 792 842
1028 606 194
1029 1067 825
1030 937 383
1031 162 4
1032 674 173
1033 889 959
1034 165 925
1035 339 124
1036 0 13
1037 38 230
1038 806 541
1039 537 485
1040 480 697
1041 483 1074
1042 738 339
1043 332 811
1044 95 315
1045 260 942
1046 666 467
1047 1012 606
1048 955 592
1049 419 858
1050 27 678
1051 639 268
1052 102 950
1053 262 1025
1054 593 189
1055 200 699
1056 941 745
1057 601 612
1058 1188 218
1059 474 416
1060 829 958
1061 274 361
1062 944 864
1063 1028 281
1064 829 408
1065 476 955
1066 43 165
1067 877 196
1068 1 793
1069 935 185
1070 153 270
1071 82 905
1072 725 780
1073 268 820
1074 1031 1019
1075 820 329
1076 1096 545
1077 1046 745
1078 451 966
1079 542 21
1080 1171 1105
1081 1090 711
1082 501 1137
1083 580 614
1084 8 429
1085 217 176
1086 962 632
1087 29 916
1088 62 867
1089 540 4
1090 761 129
1091 220 548
1092 166 899
1093 871 1140
1094 1000 651
1095 278 640
1096 402 861
1097 851 225
1098 221 32
1099 528 622
1100 996 832
1101 647 235
1102 741 790
1103 1198 574
1104 40 1029
1105 415 970
1106 379 821
1107 651 111
1108 709 1139
1109 476 612
1110 328 88
1111 1024 282
1112 913 1072
1113 440 419
1114 1133 139
1115 1119 760
1116 55 666
1117 176 378
1118 581 954
1119 1080 1176
1120 1081 900
1121 1129 53
1122 537 643
