6257
0 1871 482
1 1870 478
2 1873 482
3 1861 482
4 1861 483
5 1869 483
6 1869 481
7 1869 479
8 1872 480
9 1878 482
10 1878 481
11 1874 477
12 1888 492
13 63 1407
14 1879 474
15 27 1351
16 1888 516
17 576 3
18 1884 513
19 566 0
20 1858 508
21 1899 501
22 1882 491
23 1852 494
24 3 1387
25 574 7
26 1878 471
27 1854 500
28 1885 472
29 578 2
30 1880 505
31 1862 472
32 1869 464
33 1896 499
34 1874 471
35 1901 493
36 575 0
37 579 1
38 1894 503
39 1850 501
40 1896 505
41 1853 490
42 1888 486
43 578 11
44 576 8
45 1863 468
46 1878 502
47 1876 507
48 1854 486
49 573 5
50 1858 502
51 1850 500
52 1884 474
53 1897 486
54 573 6
55 1857 510
56 1851 500
57 20 1373
58 1886 513
59 1864 464
60 1882 512
61 1898 498
62 63 1428
63 1882 516
64 1885 512
65 1878 496
66 1856 486
67 1858 503
68 1865 476
69 1896 501
70 71 1411
71 1851 502
72 1886 505
73 1901 498
74 1865 464
75 1849 497
76 58 1411
77 1862 471
78 1884 477
79 1885 486
80 1889 471
81 1900 499
82 18 1346
83 1881 492
84 1860 466
85 1896 503
86 1866 473
87 1852 507
88 13 1350
89 1887 491
90 1869 468
91 1897 508
92 1890 474
93 1852 491
94 1865 473
95 1884 506
96 1859 497
97 73 1411
98 1859 514
99 1897 503
100 1880 501
101 1865 466
102 1881 515
103 2 1387
104 1894 478
105 1870 466
106 1877 477
107 58 1421
108 73 1398
109 576 5
110 1854 501
111 1885 517
112 1899 484
113 1884 468
114 1886 488
115 1867 465
116 1896 512
117 1901 502
118 1888 469
119 15 1371
120 1875 502
121 1855 508
122 1877 514
123 1858 498
124 1853 491
125 1860 468
126 567 3
127 1893 470
128 1884 478
129 77 1409
130 1897 492
131 1862 473
132 1855 495
133 1854 507
134 1857 492
135 53 1416
136 1859 501
137 1863 465
138 1861 470
139 1882 468
140 1871 468
141 1880 492
142 1883 505
143 1887 515
144 1860 476
145 1859 508
146 1867 472
147 1896 473
148 1898 473
149 1857 490
150 1864 474
151 1881 464
152 1901 505
153 1891 489
154 1893 465
155 100 1494
156 106 1534
157 1902 481
158 579 10
159 95 1392
160 1871 536
161 1847 504
162 1328 446
163 29 1334
164 1873 523
165 1892 465
166 1333 456
167 1906 463
168 1338 450
169 1874 515
170 1304 448
171 1849 526
172 1929 482
173 1856 516
174 1896 464
175 574 18
176 1897 467
177 606 13
178 1897 469
179 1323 448
180 586 15
181 574 12
182 1850 520
183 582 14
184 606 12
185 1843 506
186 1323 411
187 19 1405
188 1862 451
189 1904 527
190 1919 486
191 1314 418
192 1832 504
193 1838 496
194 1850 477
195 1868 521
196 1858 514
197 1851 508
198 1889 451
199 562 11
200 1334 411
201 1845 514
202 1927 493
203 1852 514
204 1874 494
205 1833 492
206 53 1364
207 96 1500
208 1913 508
209 1844 491
210 1909 506
211 1895 460
212 45 1399
213 581 15
214 1339 447
215 1899 468
216 1843 504
217 1895 467
218 1910 499
219 1321 454
220 1883 528
221 1846 493
222 598 1
223 1907 466
224 1875 490
225 1846 499
226 1857 484
227 92 1514
228 1319 414
229 1593 268
230 1865 456
231 1322 419
232 1830 504
233 1912 492
234 1842 521
235 1862 453
236 1325 432
237 87 1511
238 1309 438
239 1900 527
240 7 1416
241 1865 505
242 1855 531
243 1860 499
244 587 7
245 1307 448
246 1925 489
247 64 1446
248 1913 470
249 101 1496
250 1318 412
251 1867 533
252 47 1368
253 106 1525
254 1870 515
255 1324 461
256 595 6
257 1909 517
258 1888 458
259 1306 417
260 1889 458
261 58 1404
262 1848 523
263 575 17
264 1329 445
265 1320 439
266 1845 518
267 1874 456
268 602 12
269 1320 419
270 1864 486
271 1869 507
272 1865 522
273 1906 503
274 593 6
275 1320 452
276 1887 537
277 1320 461
278 45 1357
279 1839 492
280 1833 508
281 1919 485
282 1885 531
283 1311 437
284 1892 456
285 1888 534
286 1338 455
287 1866 526
288 1829 498
289 86 1504
290 1329 408
291 1337 456
292 1851 482
293 1310 456
294 1838 491
295 38 1413
296 1899 517
297 1327 417
298 52 1416
299 1902 476
300 594 9
301 1835 519
302 1873 533
303 1898 525
304 1306 441
305 1903 510
306 1320 451
307 1901 462
308 1320 454
309 1897 463
310 1861 454
311 1305 451
312 1337 434
313 1915 480
314 1892 518
315 1906 510
316 1847 529
317 103 1522
318 1327 420
319 1849 527
320 1860 497
321 1875 448
322 1833 504
323 37 1375
324 30 1332
325 1908 488
326 1868 531
327 1842 501
328 1874 514
329 1856 525
330 1305 442
331 93 1497
332 1853 482
333 1903 472
334 1875 451
335 64 1373
336 1870 489
337 1903 512
338 1854 523
339 563 5
340 1860 461
341 565 12
342 600 3
343 1895 456
344 1831 494
345 48 1342
346 1866 535
347 1915 495
348 1836 495
349 1334 413
350 1851 525
351 1852 531
352 1326 413
353 1308 456
354 1328 447
355 1310 449
356 1846 487
357 1914 517
358 1308 441
359 1858 472
360 1848 531
361 101 1528
362 1912 501
363 1858 519
364 1838 515
365 3 1394
366 1910 518
367 1886 527
368 1865 529
369 1307 435
370 61 1433
371 51 1348
372 1324 455
373 99 1515
374 1869 519
375 1306 452
376 1910 490
377 1329 429
378 1309 419
379 1898 524
380 1877 517
381 51 1433
382 1333 447
383 1314 440
384 1857 481
385 27 1378
386 101 1527
387 1310 418
388 583 17
389 1319 429
390 1330 434
391 1845 505
392 1897 515
393 579 19
394 1907 460
395 1895 528
396 1855 513
397 1899 532
398 95 1514
399 1915 471
400 1337 445
401 1317 441
402 1330 456
403 576 12
404 1334 440
405 566 10
406 1857 520
407 102 1513
408 1873 446
409 96 1510
410 21 1379
411 1316 432
412 1891 452
413 1311 454
414 1886 522
415 27 1380
416 1912 477
417 1855 472
418 1342 444
419 1307 412
420 97 1508
421 1848 480
422 604 7
423 1905 478
424 1883 525
425 1891 518
426 1305 419
427 33 1397
428 102 1509
429 1913 486
430 1323 447
431 1901 458
432 104 1533
433 1874 512
434 1913 491
435 1830 505
436 1313 442
437 39 1370
438 558 3
439 1891 458
440 1329 410
441 1911 477
442 1896 458
443 1896 454
444 1913 494
445 1869 491
446 1899 464
447 1880 522
448 1871 455
449 1852 527
450 1330 437
451 1867 506
452 103 1502
453 1917 500
454 1863 521
455 564 12
456 1863 513
457 108 1504
458 1913 477
459 97 1514
460 1904 510
461 1901 531
462 1312 442
463 1332 412
464 1327 439
465 40 1394
466 566 5
467 1908 462
468 1862 539
469 1838 511
470 58 1356
471 1870 524
472 1890 532
473 1851 483
474 1846 523
475 96 1499
476 1842 487
477 1326 417
478 1849 521
479 1870 512
480 1308 445
481 25 1410
482 1909 471
483 1304 420
484 1887 519
485 1833 506
486 1853 522
487 585 13
488 1318 441
489 1861 503
490 1866 515
491 1329 433
492 1320 464
493 1317 445
494 1891 451
495 1331 435
496 1902 464
497 1840 504
498 1333 439
499 32 1404
500 1882 452
501 1846 517
502 1306 453
503 582 11
504 1854 525
505 1838 521
506 1837 505
507 1859 522
508 1882 485
509 1855 533
510 1332 455
511 565 13
512 98 1528
513 562 7
514 70 1432
515 1891 463
516 1904 463
517 1308 413
518 32 1408
519 1337 421
520 1833 489
521 1905 525
522 569 9
523 1841 526
524 1331 444
525 1874 533
526 1832 486
527 94 1504
528 1835 506
529 1847 490
530 1903 462
531 1333 457
532 1331 442
533 1869 489
534 1312 439
535 1862 500
536 1909 511
537 1837 514
538 1315 451
539 1842 505
540 1844 530
541 1862 485
542 1864 499
543 97 1524
544 1835 517
545 39 1430
546 1608 266
547 580 10
548 1309 451
549 601 6
550 1317 428
551 1864 508
552 1303 451
553 1906 489
554 1881 452
555 1330 421
556 1841 509
557 58 1316
558 584 7
559 1871 525
560 601 7
561 1879 451
562 584 6
563 1328 442
564 1592 267
565 1853 473
566 1905 474
567 31 1414
568 1869 450
569 1854 529
570 50 1356
571 1862 522
572 1875 494
573 1322 414
574 88 1413
575 1339 439
576 565 4
577 1299 420
578 1884 527
579 1305 445
580 1335 448
581 105 1502
582 1887 459
583 1880 454
584 1906 498
585 1608 268
586 1337 460
587 1888 519
588 1870 500
589 1902 460
590 1338 420
591 1864 461
592 1864 517
593 1866 506
594 1859 527
595 1910 480
596 1331 417
597 603 1
598 1323 466
599 31 1397
600 1882 519
601 1855 532
602 1873 512
603 99 1503
604 1901 528
605 1857 518
606 1852 511
607 1846 482
608 1863 511
609 1304 421
610 1862 519
611 1904 461
612 92 1495
613 1867 494
614 1873 508
615 1846 516
616 1928 484
617 1875 525
618 1887 529
619 1847 505
620 1311 420
621 1837 507
622 1306 447
623 1867 460
624 1322 466
625 567 5
626 1860 495
627 592 15
628 1911 508
629 1309 459
630 590 15
631 1892 457
632 1856 472
633 1844 484
634 106 1526
635 591 16
636 1321 417
637 1886 537
638 1316 449
639 1875 531
640 1919 504
641 1310 446
642 1304 451
643 1598 267
644 1830 493
645 1855 526
646 1863 505
647 1915 503
648 1329 418
649 1317 447
650 1331 448
651 1849 509
652 1836 516
653 1889 524
654 1917 492
655 601 4
656 1905 492
657 1328 419
658 1846 478
659 1901 515
660 1910 467
661 58 1439
662 1321 427
663 1860 517
664 1340 420
665 1850 508
666 1837 495
667 1860 504
668 1845 524
669 1866 518
670 1892 459
671 1901 524
672 1839 499
673 1333 437
674 1846 515
675 1885 457
676 74 1425
677 1299 421
678 573 20
679 1837 511
680 99 1498
681 1849 483
682 1860 487
683 98 1502
684 1866 453
685 1321 418
686 1867 459
687 83 1407
688 1305 449
689 1324 453
690 1315 444
691 1886 459
692 1314 417
693 1861 502
694 1844 519
695 1860 512
696 1328 433
697 1867 517
698 66 1376
699 27 1336
700 1886 521
701 1904 465
702 96 1401
703 1872 454
704 27 1325
705 1913 482
706 605 13
707 71 1437
708 1311 413
709 569 12
710 1318 432
711 1861 534
712 26 1335
713 599 9
714 1310 432
715 1321 448
716 1329 487
717 603 36
718 1822 534
719 1576 248
720 1574 277
721 1540 228
722 1533 232
723 610 13
724 1584 237
725 1336 479
726 1827 524
727 1322 480
728 637 20
729 84 1343
730 1600 259
731 1578 281
732 46 1328
733 1864 437
734 1355 462
735 1574 268
736 101 1554
737 1814 507
738 634 8
739 1596 242
740 1352 427
741 1925 451
742 1902 450
743 1607 240
744 1587 283
745 88 1448
746 1335 355
747 1823 515
748 1356 455
749 1898 538
750 1331 396
751 1587 230
752 1879 437
753 103 1425
754 1610 231
755 571 27
756 1347 422
757 1915 451
758 1844 473
759 1589 245
760 1925 452
761 1873 435
762 1601 235
763 1594 273
764 1820 518
765 1333 486
766 1886 445
767 1345 413
768 1338 461
769 95 1535
770 1892 444
771 1546 243
772 1297 443
773 98 1430
774 1588 285
775 619 20
776 1953 473
777 1579 238
778 592 35
779 1845 460
780 1950 474
781 1537 242
782 1929 467
783 1315 481
784 1604 238
785 1857 551
786 1325 477
787 1335 482
788 1605 262
789 1545 255
790 582 33
791 1565 235
792 1596 246
793 101 1410
794 1564 242
795 1295 440
796 1905 530
797 593 23
798 1885 433
799 1330 393
800 1848 460
801 1364 447
802 649 17
803 1334 331
804 1616 249
805 1354 466
806 1870 546
807 617 31
808 1931 505
809 1346 473
810 1623 267
811 592 37
812 1590 258
813 1602 272
814 1830 534
815 115 1393
816 1584 235
817 1588 265
818 90 1537
819 1362 392
820 1599 238
821 1580 278
822 1924 507
823 1924 502
824 1361 434
825 1348 391
826 1569 258
827 1944 494
828 1592 273
829 555 2
830 1291 454
831 644 1
832 1949 460
833 1585 261
834 1568 216
835 654 17
836 1862 555
837 1826 516
838 1602 233
839 1937 503
840 1351 420
841 1885 553
842 1295 429
843 1575 217
844 1358 519
845 1574 224
846 1542 217
847 1906 455
848 1902 445
849 1359 440
850 1361 431
851 1589 253
852 1347 449
853 1315 470
854 83 1386
855 1595 250
856 104 1548
857 1562 260
858 1324 423
859 613 26
860 1357 476
861 1817 491
862 1321 484
863 1815 514
864 665 12
865 1843 477
866 1841 535
867 567 23
868 564 19
869 79 1334
870 1305 473
871 1563 250
872 1342 518
873 1549 231
874 1850 534
875 1352 454
876 1345 388
877 1893 547
878 1915 448
879 1541 226
880 1828 490
881 558 16
882 1580 282
883 1346 429
884 1926 498
885 1295 445
886 1344 461
887 1595 288
888 1333 394
889 1572 258
890 1288 452
891 1827 507
892 90 1534
893 1565 279
894 1615 236
895 1881 427
896 1909 539
897 1581 270
898 85 1451
899 1574 241
900 1576 275
901 1816 497
902 1839 475
903 1542 252
904 1602 228
905 1546 214
906 1823 489
907 1925 477
908 1849 536
909 1600 275
910 626 23
911 1600 225
912 1320 403
913 1341 406
914 1536 257
915 1822 492
916 1608 240
917 1847 535
918 1824 476
919 1928 471
920 656 3
921 1348 390
922 1295 425
923 1574 259
924 1590 227
925 581 24
926 1615 281
927 1928 517
928 1819 526
929 1540 276
930 1336 336
931 1571 268
932 639 23
933 1345 395
934 613 15
935 1303 468
936 1930 458
937 1340 398
938 1943 486
939 1617 260
940 1938 493
941 1818 508
942 603 26
943 1573 247
944 71 1371
945 75 1502
946 1614 273
947 608 29
948 1860 552
949 570 23
950 596 36
951 1334 403
952 1933 458
953 1829 512
954 1543 287
955 610 22
956 1342 402
957 1340 477
958 1578 247
959 1558 237
960 1292 435
961 1327 470
962 664 15
963 1351 397
964 1860 449
965 1597 280
966 38 1449
967 1355 519
968 1953 468
969 1294 461
970 572 22
971 1299 437
972 615 32
973 1356 447
974 1842 463
975 1583 264
976 1850 539
977 568 23
978 1942 488
979 1620 281
980 1828 485
981 1859 457
982 1925 501
983 1604 285
984 1611 273
985 1545 220
986 1545 264
987 1560 233
988 1617 240
989 1351 425
990 1834 542
991 1582 266
992 1819 476
993 1339 422
994 1603 234
995 1891 539
996 1317 426
997 1288 439
998 1894 549
999 1543 276
1000 587 30
1001 1884 542
1002 1546 237
1003 1817 494
1004 1314 429
1005 1329 352
1006 604 17
1007 1577 251
1008 1872 438
1009 628 10
1010 628 25
1011 1629 271
1012 1333 426
1013 1827 489
1014 583 31
1015 1585 255
1016 1934 491
1017 1332 389
1018 1348 475
1019 1566 228
1020 1948 487
1021 1610 273
1022 1829 468
1023 1867 559
1024 1580 235
1025 608 15
1026 1348 422
1027 1547 229
1028 1542 279
1029 1615 280
1030 1604 265
1031 1573 250
1032 1565 268
1033 1340 465
1034 1588 228
1035 1953 475
1036 88 1450
1037 1586 277
1038 1862 434
1039 1353 422
1040 1606 238
1041 1334 489
1042 1595 285
1043 1827 502
1044 1354 460
1045 1356 427
1046 1553 221
1047 1353 459
1048 1559 224
1049 1838 527
1050 1594 230
1051 1827 472
1052 1908 459
1053 43 1300
1054 658 8
1055 1585 224
1056 1544 279
1057 1917 456
1058 1856 460
1059 65 1506
1060 659 6
1061 1586 248
1062 615 9
1063 1569 232
1064 668 8
1065 555 3
1066 1333 522
1067 607 39
1068 1564 222
1069 1568 276
1070 598 28
1071 1919 511
1072 569 23
1073 1840 478
1074 1337 347
1075 1559 243
1076 1345 487
1077 590 22
1078 1609 272
1079 1894 433
1080 589 32
1081 1899 442
1082 1628 274
1083 628 30
1084 1936 457
1085 1919 452
1086 571 25
1087 1934 508
1088 1354 477
1089 1540 250
1090 1595 238
1091 1288 446
1092 1596 277
1093 1324 478
1094 1840 538
1095 1318 423
1096 1565 259
1097 1540 244
1098 1600 249
1099 1336 517
1100 1353 463
1101 1618 270
1102 1871 442
1103 1616 238
1104 1325 470
1105 554 7
1106 110 1406
1107 1588 288
1108 1347 413
1109 1823 524
1110 1914 530
1111 1882 543
1112 596 41
1113 1535 259
1114 41 1448
1115 1544 241
1116 669 12
1117 1619 261
1118 652 13
1119 107 1541
1120 1840 541
1121 1849 470
1122 657 9
1123 1572 281
1124 1856 545
1125 1356 443
1126 1596 225
1127 1350 426
1128 1355 439
1129 1343 430
1130 1551 225
1131 1917 475
1132 57 1461
1133 1351 472
1134 1877 553
1135 1306 463
1136 1329 471
1137 1892 437
1138 1563 266
1139 560 20
1140 619 17
1141 1347 415
1142 1345 481
1143 1849 463
1144 1567 216
1145 1599 256
1146 1570 226
1147 668 9
1148 1625 278
1149 1599 284
1150 1349 521
1151 616 12
1152 81 1504
1153 1342 395
1154 1605 279
1155 1855 542
1156 1823 504
1157 1871 438
1158 1564 229
1159 1295 432
1160 1532 245
1161 1301 442
1162 1290 441
1163 1924 469
1164 97 1425
1165 1361 439
1166 1907 540
1167 1587 273
1168 1347 398
1169 1951 482
1170 1851 538
1171 1590 251
1172 1334 352
1173 1574 256
1174 1358 471
1175 1818 480
1176 675 10
1177 1536 229
1178 1824 491
1179 1587 224
1180 623 1
1181 1320 482
1182 1348 436
1183 1541 230
1184 1352 459
1185 1619 249
1186 1923 512
1187 1621 249
1188 1340 426
1189 1604 235
1190 1825 523
1191 1817 500
1192 1942 494
1193 1825 474
1194 1571 241
1195 1332 397
1196 1556 220
1197 1821 507
1198 1592 262
1199 1605 260
1200 1622 275
1201 1580 242
1202 1288 449
1203 1345 386
1204 1618 269
1205 1356 392
1206 651 3
1207 1357 457
1208 1546 290
1209 1553 240
1210 105 1421
1211 1896 540
1212 1851 466
1213 1891 444
1214 106 1358
1215 1343 516
1216 1348 450
1217 1845 537
1218 1824 506
1219 1336 480
1220 1921 526
1221 1559 238
1222 1915 459
1223 1866 441
1224 1594 279
1225 1566 263
1226 100 1378
1227 1592 233
1228 623 3
1229 1352 471
1230 1830 525
1231 1303 433
1232 617 9
1233 1310 426
1234 1610 275
1235 1360 470
1236 1930 488
1237 1609 277
1238 1817 519
1239 674 1
1240 1609 242
1241 1557 225
1242 1828 539
1243 1851 561
1244 1597 242
1245 646 8
1246 1850 533
1247 1617 234
1248 1331 481
1249 1298 469
1250 1329 348
1251 1293 436
1252 1857 536
1253 86 1365
1254 1556 240
1255 1303 432
1256 1590 226
1257 1330 340
1258 1537 225
1259 1911 449
1260 591 38
1261 1355 518
1262 1361 395
1263 1360 390
1264 1887 429
1265 1570 221
1266 1611 258
1267 1572 222
1268 1338 345
1269 1331 524
1270 1860 435
1271 1338 337
1272 1354 472
1273 1612 281
1274 1361 437
1275 1621 259
1276 1532 237
1277 1351 411
1278 1579 242
1279 1295 446
1280 1598 276
1281 1574 271
1282 1553 228
1283 1347 479
1284 1834 529
1285 1562 256
1286 1579 236
1287 1829 526
1288 1938 471
1289 17 1425
1290 1587 254
1291 1571 281
1292 1546 235
1293 643 23
1294 1326 422
1295 58 1457
1296 1341 434
1297 1905 457
1298 1348 421
1299 1352 440
1300 1879 438
1301 602 37
1302 1355 469
1303 599 42
1304 1581 231
1305 1343 421
1306 1600 274
1307 645 22
1308 1322 470
1309 1862 553
1310 1842 471
1311 1885 435
1312 1313 481
1313 1304 429
1314 1604 281
1315 1304 466
1316 1894 450
1317 1858 463
1318 1599 260
1319 1613 278
1320 1610 228
1321 1618 249
1322 1826 504
1323 1298 458
1324 71 1454
1325 1359 390
1326 1827 519
1327 1827 477
1328 1606 229
1329 1936 501
1330 1584 232
1331 551 1
1332 646 14
1333 635 2
1334 613 16
1335 1343 428
1336 633 0
1337 1364 441
1338 1816 515
1339 1613 260
1340 1537 249
1341 1302 467
1342 605 36
1343 1589 230
1344 1303 430
1345 617 17
1346 1546 255
1347 83 1456
1348 1591 248
1349 1819 502
1350 1544 237
1351 1884 436
1352 92 1545
1353 108 1540
1354 1924 506
1355 1345 477
1356 1950 463
1357 1845 533
1358 618 30
1359 1868 556
1360 1542 277
1361 1840 477
1362 1298 439
1363 1832 470
1364 1594 223
1365 1334 401
1366 1869 431
1367 1837 543
1368 1884 548
1369 82 1486
1370 1584 246
1371 1542 265
1372 1597 232
1373 1339 474
1374 1822 501
1375 1542 263
1376 1594 245
1377 1587 267
1378 1589 286
1379 607 43
1380 1598 261
1381 1593 261
1382 1549 247
1383 1352 389
1384 1367 517
1385 1581 219
1386 1358 466
1387 1597 261
1388 1302 474
1389 1905 450
1390 77 1337
1391 1588 232
1392 1608 251
1393 1576 269
1394 1368 516
1395 89 1442
1396 1330 365
1397 89 1375
1398 1361 444
1399 1336 411
1400 1332 394
1401 1859 536
1402 559 20
1403 1611 255
1404 67 1502
1405 1358 452
1406 1564 263
1407 1850 540
1408 1332 519
1409 109 1497
1410 1828 516
1411 1319 477
1412 636 13
1413 1617 271
1414 1618 283
1415 1554 254
1416 1572 270
1417 1338 408
1418 1543 266
1419 1326 474
1420 1824 510
1421 1858 556
1422 624 0
1423 1352 392
1424 1588 242
1425 1319 476
1426 1599 265
1427 1301 472
1428 1614 235
1429 654 0
1430 584 27
1431 1574 221
1432 1605 287
1433 1326 518
1434 624 30
1435 1355 447
1436 1905 543
1437 1832 523
1438 610 36
1439 1828 483
1440 1600 287
1441 1344 390
1442 1903 439
1443 1360 467
1444 1537 258
1445 1892 549
1446 1603 255
1447 89 1521
1448 1930 499
1449 1618 265
1450 1598 284
1451 9 1429
1452 1317 480
1453 1352 448
1454 1557 253
1455 1333 396
1456 1569 220
1457 1348 411
1458 1579 237
1459 1928 461
1460 1610 288
1461 632 4
1462 1543 237
1463 1867 431
1464 1868 551
1465 1356 420
1466 1344 441
1467 1579 254
1468 1344 465
1469 1892 435
1470 1577 274
1471 70 1332
1472 61 1489
1473 73 1490
1474 1348 414
1475 1870 544
1476 607 31
1477 1354 404
1478 560 23
1479 1351 427
1480 1833 522
1481 1331 470
1482 1353 407
1483 29 1275
1484 1602 227
1485 1334 390
1486 644 14
1487 1603 281
1488 1816 488
1489 1894 444
1490 75 1485
1491 1558 239
1492 1575 268
1493 1593 242
1494 1540 239
1495 81 1533
1496 1591 283
1497 1919 469
1498 1297 453
1499 1898 444
1500 1613 270
1501 1536 268
1502 565 18
1503 1359 468
1504 1903 538
1505 1615 257
1506 1543 252
1507 1539 229
1508 1594 259
1509 1941 475
1510 1823 486
1511 89 1529
1512 612 28
1513 1871 550
1514 617 11
1515 1620 240
1516 1845 477
1517 562 25
1518 1891 439
1519 1300 465
1520 1350 399
1521 1336 430
1522 1843 544
1523 1599 287
1524 1533 233
1525 611 37
1526 1305 467
1527 1349 421
1528 1583 225
1529 1544 259
1530 1359 402
1531 1568 271
1532 1561 235
1533 1575 271
1534 1300 470
1535 1336 489
1536 1874 554
1537 1339 341
1538 1549 230
1539 1298 444
1540 1822 482
1541 1576 264
1542 1845 531
1543 1953 477
1544 1343 432
1545 1620 269
1546 1568 233
1547 1601 237
1548 1326 519
1549 1917 459
1550 51 1452
1551 1348 397
1552 1909 447
1553 1347 414
1554 1821 529
1555 588 26
1556 1598 231
1557 1584 226
1558 1618 272
1559 614 8
1560 1596 228
1561 80 1511
1562 1862 552
1563 643 22
1564 1532 231
1565 1908 460
1566 1820 484
1567 1613 240
1568 1306 473
1569 84 1518
1570 1853 541
1571 1604 276
1572 1298 460
1573 1541 263
1574 70 1516
1575 1831 482
1576 1345 456
1577 1567 241
1578 1575 253
1579 1845 543
1580 95 1489
1581 1356 385
1582 1823 484
1583 631 7
1584 1347 418
1585 1543 286
1586 1352 403
1587 554 3
1588 632 22
1589 1362 425
1590 1563 259
1591 1339 428
1592 1302 451
1593 1358 440
1594 1539 231
1595 1938 463
1596 1832 471
1597 1536 235
1598 598 21
1599 561 23
1600 1825 504
1601 1585 256
1602 1340 516
1603 1574 270
1604 1344 455
1605 1574 218
1606 617 22
1607 1594 289
1608 1352 439
1609 1578 270
1610 1539 264
1611 112 1411
1612 1564 259
1613 1534 234
1614 1555 230
1615 1910 532
1616 1921 469
1617 1840 480
1618 1921 516
1619 1536 251
1620 1823 506
1621 1567 270
1622 1544 275
1623 1578 245
1624 1589 227
1625 1611 288
1626 1606 257
1627 1905 541
1628 1594 265
1629 1536 262
1630 1602 231
1631 1928 450
1632 671 8
1633 558 11
1634 1923 483
1635 1565 226
1636 1919 462
1637 1820 505
1638 1618 261
1639 627 22
1640 1820 476
1641 69 1497
1642 1537 236
1643 629 7
1644 1842 545
1645 1350 443
1646 1948 464
1647 1297 425
1648 1317 479
1649 1920 523
1650 1616 267
1651 1582 288
1652 1567 251
1653 636 15
1654 1325 400
1655 1566 217
1656 1929 476
1657 1830 543
1658 1877 544
1659 1540 227
1660 1337 430
1661 1912 535
1662 46 1456
1663 1577 285
1664 1856 459
1665 1573 285
1666 1356 418
1667 1570 234
1668 1831 539
1669 1847 560
1670 1308 464
1671 1543 267
1672 1855 466
1673 625 4
1674 1323 474
1675 67 1334
1676 1353 397
1677 568 20
1678 1847 546
1679 1944 468
1680 1339 397
1681 104 1347
1682 1542 268
1683 95 1377
1684 1343 386
1685 1297 463
1686 1329 395
1687 1589 251
1688 1337 357
1689 1605 236
1690 1539 250
1691 1935 499
1692 1936 474
1693 1856 543
1694 1542 282
1695 1613 241
1696 1831 528
1697 1851 535
1698 101 1488
1699 580 25
1700 1565 253
1701 1333 517
1702 605 30
1703 1353 472
1704 1561 250
1705 1322 472
1706 1310 467
1707 64 1496
1708 633 27
1709 1921 519
1710 1617 246
1711 646 17
1712 1890 430
1713 1597 282
1714 1578 285
1715 1580 262
1716 1336 488
1717 1593 257
1718 598 27
1719 1339 427
1720 81 1501
1721 1926 500
1722 95 1340
1723 1861 434
1724 1916 521
1725 1335 523
1726 1823 497
1727 673 1
1728 563 25
1729 552 3
1730 1949 468
1731 1841 471
1732 1553 226
1733 1545 262
1734 1831 523
1735 1325 471
1736 1310 473
1737 1580 241
1738 1586 269
1739 1615 239
1740 1359 394
1741 1927 450
1742 1828 499
1743 1546 293
1744 1935 460
1745 1607 228
1746 1534 256
1747 1609 247
1748 1302 442
1749 1854 558
1750 1851 465
1751 1850 535
1752 1329 356
1753 1846 476
1754 1574 265
1755 1820 510
1756 1593 239
1757 1360 466
1758 1597 225
1759 1831 540
1760 1931 452
1761 1586 271
1762 660 6
1763 1596 229
1764 1293 433
1765 1865 549
1766 1556 219
1767 1577 284
1768 1561 249
1769 1578 268
1770 1836 484
1771 1361 436
1772 1306 470
1773 1916 519
1774 1350 387
1775 1923 472
1776 1577 258
1777 1301 441
1778 1831 521
1779 1932 504
1780 83 1534
1781 1353 519
1782 666 5
1783 1301 463
1784 1352 396
1785 1571 267
1786 1589 224
1787 1857 459
1788 1854 471
1789 1298 434
1790 1552 229
1791 1565 230
1792 1930 473
1793 1921 479
1794 1820 486
1795 1891 433
1796 1869 428
1797 103 1543
1798 1538 234
1799 1910 460
1800 1327 394
1801 1362 401
1802 1841 475
1803 620 34
1804 1606 279
1805 1572 273
1806 77 1516
1807 1296 445
1808 1611 241
1809 1887 442
1810 1351 429
1811 1930 477
1812 1593 223
1813 1347 455
1814 1950 471
1815 1917 533
1816 104 1484
1817 1617 284
1818 93 1543
1819 613 18
1820 663 2
1821 1922 472
1822 1891 550
1823 1324 426
1824 631 23
1825 1332 477
1826 1864 447
1827 1618 241
1828 1350 401
1829 1571 250
1830 1352 432
1831 1545 237
1832 1544 244
1833 1916 536
1834 1353 478
1835 1353 434
1836 1592 242
1837 1919 483
1838 603 40
1839 1896 448
1840 629 1
1841 1921 451
1842 613 9
1843 1608 237
1844 1297 468
1845 1597 239
1846 1857 560
1847 1346 520
1848 598 25
1849 1608 246
1850 1921 462
1851 1622 246
1852 1340 486
1853 591 30
1854 613 14
1855 1568 270
1856 621 21
1857 1289 434
1858 95 1362
1859 1350 420
1860 1877 432
1861 1612 229
1862 1882 541
1863 1358 458
1864 1824 497
1865 1934 498
1866 1937 493
1867 1590 275
1868 79 1386
1869 1556 248
1870 1343 445
1871 1579 228
1872 1922 448
1873 1568 278
1874 1827 471
1875 1835 528
1876 73 1370
1877 1310 479
1878 1542 218
1879 1301 476
1880 1535 254
1881 1318 404
1882 82 1459
1883 603 27
1884 563 22
1885 1869 430
1886 1336 338
1887 619 15
1888 1363 412
1889 1885 554
1890 1601 248
1891 1917 462
1892 626 0
1893 633 23
1894 1573 267
1895 1585 281
1896 1556 238
1897 1292 448
1898 634 9
1899 1357 439
1900 1918 527
1901 1599 277
1902 1856 455
1903 1572 252
1904 1333 366
1905 1908 445
1906 1815 505
1907 1817 515
1908 102 1437
1909 1357 396
1910 1908 539
1911 1926 522
1912 1353 449
1913 1619 238
1914 1356 425
1915 1572 257
1916 1357 453
1917 1351 516
1918 1346 393
1919 1576 223
1920 655 1
1921 1608 243
1922 1289 432
1923 1539 272
1924 1540 238
1925 1874 429
1926 1296 447
1927 1340 407
1928 1605 232
1929 1930 495
1930 84 1521
1931 1827 521
1932 1333 336
1933 98 1421
1934 1566 259
1935 77 1517
1936 1344 432
1937 1354 407
1938 1334 423
1939 641 8
1940 1866 559
1941 1602 230
1942 1335 407
1943 1945 463
1944 1362 405
1945 1935 501
1946 1614 252
1947 69 1485
1948 1610 249
1949 1931 489
1950 111 1416
1951 1917 474
1952 88 1377
1953 46 1453
1954 1593 255
1955 1345 439
1956 1356 397
1957 1352 425
1958 1949 487
1959 1582 236
1960 1329 350
1961 84 1390
1962 595 27
1963 1950 468
1964 1857 458
1965 1819 519
1966 1343 423
1967 1330 335
1968 1594 260
1969 1591 279
1970 70 1320
1971 1937 489
1972 1351 442
1973 1604 273
1974 72 1318
1975 1579 260
1976 1826 497
1977 1349 483
1978 1324 488
1979 1330 339
1980 1913 524
1981 1621 241
1982 1824 486
1983 1304 430
1984 1363 438
1985 1542 238
1986 604 30
1987 1574 258
1988 1573 278
1989 1901 544
1990 1564 262
1991 1820 524
1992 1582 253
1993 1322 398
1994 623 30
1995 1343 412
1996 1613 279
1997 1847 463
1998 1906 534
1999 1901 452
2000 1876 549
2001 1349 446
2002 1584 259
2003 1827 486
2004 1595 227
2005 1622 244
2006 1559 261
2007 89 1366
2008 1348 431
2009 1343 427
2010 641 5
2011 1344 482
2012 1326 397
2013 1355 424
2014 1291 450
2015 1606 275
2016 1297 441
2017 1347 462
2018 1825 509
2019 1610 274
2020 1333 403
2021 609 27
2022 1818 483
2023 1356 434
2024 1599 231
2025 1311 424
2026 1610 232
2027 1826 503
2028 1348 438
2029 1345 406
2030 1330 408
2031 1825 471
2032 1622 272
2033 1592 285
2034 1629 276
2035 1931 501
2036 1539 268
2037 591 25
2038 1924 456
2039 1299 434
2040 631 20
2041 1932 458
2042 1593 277
2043 1336 396
2044 1921 446
2045 1543 255
2046 555 9
2047 614 13
2048 664 8
2049 79 1518
2050 616 20
2051 64 1495
2052 1576 241
2053 1348 459
2054 92 1536
2055 1591 249
2056 1288 438
2057 1344 437
2058 1556 256
2059 1570 266
2060 1621 247
2061 1338 520
2062 1360 456
2063 1299 439
2064 1348 482
2065 1546 287
2066 1574 234
2067 1606 286
2068 1355 456
2069 1541 248
2070 1933 474
2071 1356 417
2072 1344 431
2073 74 1496
2074 1547 236
2075 1870 443
2076 1284 438
2077 1818 515
2078 62 1458
2079 1330 473
2080 1827 520
2081 1825 516
2082 657 12
2083 1838 479
2084 606 19
2085 79 1524
2086 1592 234
2087 1349 447
2088 1343 394
2089 1542 272
2090 1577 233
2091 1546 258
2092 1608 235
2093 1887 542
2094 1535 266
2095 1319 470
2096 1296 432
2097 1574 235
2098 1581 285
2099 1353 517
2100 1618 286
2101 1550 237
2102 1331 346
2103 1601 249
2104 1889 550
2105 1569 239
2106 1582 235
2107 1335 397
2108 1583 228
2109 1353 447
2110 1611 240
2111 1287 443
2112 1915 452
2113 1330 519
2114 1913 460
2115 20 1437
2116 1923 453
2117 1620 266
2118 105 1535
2119 1586 283
2120 1361 404
2121 624 15
2122 1285 441
2123 1589 257
2124 1885 548
2125 1586 255
2126 1854 561
2127 1357 417
2128 1301 450
2129 1541 265
2130 1849 541
2131 671 6
2132 1326 480
2133 1838 481
2134 1298 440
2135 1336 389
2136 24 1302
2137 1544 251
2138 1538 233
2139 1545 222
2140 1337 353
2141 1613 262
2142 109 1395
2143 1535 236
2144 1533 256
2145 1622 274
2146 672 12
2147 632 5
2148 1572 226
2149 613 37
2150 678 6
2151 1820 508
2152 1326 398
2153 1585 288
2154 1313 480
2155 1303 461
2156 1559 230
2157 1301 430
2158 1866 429
2159 1543 219
2160 1557 232
2161 1926 514
2162 1876 545
2163 1346 390
2164 1929 458
2165 1334 480
2166 1538 224
2167 1334 409
2168 1341 394
2169 1303 429
2170 1314 422
2171 1294 431
2172 1534 252
2173 1592 226
2174 1356 423
2175 1884 446
2176 1882 442
2177 1835 481
2178 560 17
2179 1897 437
2180 1590 249
2181 1594 261
2182 1594 283
2183 1621 242
2184 1608 252
2185 1586 219
2186 1574 275
2187 1593 273
2188 1610 244
2189 88 1519
2190 82 1339
2191 1352 450
2192 1561 248
2193 1571 232
2194 15 1291
2195 1332 391
2196 1841 533
2197 1335 406
2198 1562 223
2199 1323 468
2200 1822 495
2201 1351 456
2202 1836 474
2203 1861 548
2204 1538 222
2205 1816 518
2206 1357 392
2207 1345 417
2208 75 1504
2209 1598 286
2210 585 35
2211 1566 232
2212 1331 330
2213 1840 539
2214 63 1351
2215 1919 464
2216 594 25
2217 1585 250
2218 1324 396
2219 107 1419
2220 1358 444
2221 1287 438
2222 1565 269
2223 1915 444
2224 1933 465
2225 55 1454
2226 1347 405
2227 32 1434
2228 1551 237
2229 1571 220
2230 652 4
2231 566 25
2232 661 5
2233 622 32
2234 1289 437
2235 51 1455
2236 1307 431
2237 1584 249
2238 1338 360
2239 1340 385
2240 1550 238
2241 1350 396
2242 1308 430
2243 1364 443
2244 1949 472
2245 1853 456
2246 1918 522
2247 1883 431
2248 665 1
2249 1575 232
2250 1609 236
2251 1870 439
2252 1605 276
2253 1334 364
2254 1909 527
2255 572 27
2256 1330 403
2257 1541 223
2258 1573 234
2259 74 1374
2260 1341 436
2261 1544 231
2262 1569 278
2263 1352 444
2264 1823 478
2265 60 1301
2266 1349 456
2267 1360 405
2268 1329 332
2269 1542 219
2270 1573 229
2271 643 8
2272 620 0
2273 662 13
2274 1911 537
2275 1593 276
2276 1580 228
2277 1575 262
2278 1547 240
2279 1335 400
2280 627 3
2281 1891 432
2282 649 20
2283 1539 235
2284 1823 508
2285 77 1509
2286 1334 426
2287 1865 546
2288 1295 463
2289 660 39
2290 1350 353
2291 1340 491
2292 1840 451
2293 659 37
2294 1918 429
2295 1906 407
2296 1812 547
2297 1593 204
2298 628 90
2299 1367 300
2300 1516 209
2301 1955 456
2302 1808 494
2303 1818 541
2304 1365 385
2305 1925 422
2306 1360 478
2307 636 56
2308 1378 411
2309 1896 405
2310 1516 211
2311 1596 299
2312 1352 343
2313 1312 356
2314 681 37
2315 1328 332
2316 1921 541
2317 654 66
2318 1960 510
2319 1950 456
2320 1892 409
2321 1991 506
2322 1814 486
2323 1440 279
2324 1830 557
2325 1884 413
2326 1532 216
2327 1359 371
2328 1577 291
2329 684 22
2330 1642 231
2331 1892 403
2332 1641 222
2333 1842 454
2334 1902 419
2335 1395 483
2336 1446 279
2337 1953 496
2338 1515 222
2339 1360 286
2340 1363 351
2341 1394 498
2342 1357 381
2343 583 47
2344 665 20
2345 1644 223
2346 1573 214
2347 1935 445
2348 1583 302
2349 1864 566
2350 1969 510
2351 1791 485
2352 648 39
2353 1577 205
2354 1846 564
2355 594 85
2356 1942 426
2357 1366 334
2358 1813 526
2359 1316 361
2360 1378 383
2361 1625 241
2362 1912 419
2363 1931 543
2364 1368 405
2365 663 39
2366 1575 214
2367 602 96
2368 550 9
2369 649 35
2370 1883 422
2371 1369 313
2372 69 1535
2373 1931 529
2374 1345 312
2375 1536 188
2376 1442 278
2377 617 97
2378 1277 456
2379 1547 206
2380 600 48
2381 1547 263
2382 1379 406
2383 1384 344
2384 80 1299
2385 1532 226
2386 1531 203
2387 1930 541
2388 1799 451
2389 1442 293
2390 1345 372
2391 1341 499
2392 637 46
2393 662 32
2394 1978 515
2395 1377 348
2396 1845 442
2397 1901 417
2398 652 79
2399 553 24
2400 1808 450
2401 111 1338
2402 1527 213
2403 1945 440
2404 1318 497
2405 1309 350
2406 1903 406
2407 610 103
2408 1283 437
2409 612 92
2410 631 53
2411 1978 498
2412 1916 429
2413 1901 419
2414 1559 270
2415 1322 501
2416 1523 260
2417 1607 215
2418 1332 326
2419 1533 225
2420 1601 292
2421 1858 446
2422 1634 245
2423 1364 277
2424 1924 440
2425 1337 493
2426 1899 550
2427 1894 415
2428 571 33
2429 1529 215
2430 606 45
2431 1378 433
2432 1874 418
2433 1646 228
2434 1886 425
2435 1542 206
2436 644 68
2437 617 93
2438 1568 297
2439 1838 551
2440 1614 293
2441 1810 475
2442 49 1497
2443 128 1400
2444 1821 467
2445 1809 512
2446 1620 234
2447 651 35
2448 1328 502
2449 1794 456
2450 1530 203
2451 1903 413
2452 1535 293
2453 1629 221
2454 56 1495
2455 1597 206
2456 1627 263
2457 1526 240
2458 661 56
2459 1633 231
2460 1802 483
2461 640 37
2462 1364 459
2463 1389 339
2464 1371 388
2465 1520 214
2466 1381 373
2467 619 83
2468 1615 293
2469 1368 496
2470 1994 536
2471 1869 422
2472 1369 472
2473 1368 379
2474 1564 200
2475 1355 490
2476 1357 353
2477 638 64
2478 1392 489
2479 1631 258
2480 1367 435
2481 598 72
2482 1625 254
2483 1362 334
2484 1368 309
2485 671 53
2486 135 1395
2487 1851 450
2488 1365 450
2489 1311 361
2490 74 1541
2491 1368 493
2492 1344 498
2493 102 1458
2494 1916 421
2495 1936 516
2496 1378 522
2497 1834 550
2498 1614 219
2499 606 87
2500 1337 382
2501 622 93
2502 1908 419
2503 1524 221
2504 1549 252
2505 1352 530
2506 1587 211
2507 1363 345
2508 1314 362
2509 1561 216
2510 647 31
2511 1413 312
2512 1391 454
2513 628 63
2514 1334 502
2515 1612 294
2516 1818 537
2517 1441 290
2518 651 38
2519 1357 308
2520 112 1388
2521 660 41
2522 697 7
2523 1807 479
2524 612 69
2525 1379 416
2526 586 41
2527 1363 492
2528 618 47
2529 1539 292
2530 1402 319
2531 1361 351
2532 1329 385
2533 607 79
2534 1990 502
2535 1444 296
2536 1584 204
2537 1948 499
2538 1372 453
2539 601 54
2540 1306 484
2541 630 67
2542 1995 514
2543 1285 471
2544 669 55
2545 549 8
2546 1952 453
2547 1957 531
2548 1996 534
2549 1360 266
2550 1934 444
2551 1798 481
2552 659 40
2553 1399 474
2554 1807 499
2555 650 73
2556 1861 567
2557 1901 426
2558 1381 480
2559 1351 335
2560 1923 442
2561 616 79
2562 1966 521
2563 1569 285
2564 1408 315
2565 1588 290
2566 62 1519
2567 1523 247
2568 1404 315
2569 1818 457
2570 604 100
2571 1894 421
2572 684 6
2573 1926 439
2574 1370 356
2575 1935 519
2576 1953 452
2577 1349 504
2578 556 18
2579 1821 539
2580 634 50
2581 1815 486
2582 1634 261
2583 1526 194
2584 1644 243
2585 644 72
2586 1792 474
2587 620 93
2588 554 22
2589 634 51
2590 1326 304
2591 668 63
2592 1366 446
2593 1580 196
2594 1953 533
2595 1373 490
2596 1365 446
2597 613 68
2598 1393 471
2599 1561 195
2600 1586 294
2601 1360 289
2602 1923 446
2603 1516 229
2604 1383 457
2605 1910 432
2606 76 1564
2607 1331 374
2608 1585 200
2609 1519 217
2610 613 84
2611 1852 548
2612 649 43
2613 1530 267
2614 1611 212
2615 1843 570
2616 1578 297
2617 1914 547
2618 674 24
2619 638 65
2620 1380 369
2621 666 34
2622 1560 201
2623 1975 526
2624 593 55
2625 1909 553
2626 1325 534
2627 1856 435
2628 1521 257
2629 1821 460
2630 1527 257
2631 654 72
2632 1915 422
2633 1343 492
2634 65 1513
2635 627 46
2636 1813 546
2637 651 66
2638 1958 470
2639 1979 490
2640 661 34
2641 1590 298
2642 1521 218
2643 1291 474
2644 1926 523
2645 1546 201
2646 1614 295
2647 654 25
2648 1980 524
2649 1446 280
2650 1989 487
2651 1291 472
2652 1375 474
2653 1381 378
2654 1571 207
2655 1531 278
2656 1889 423
2657 1975 497
2658 1309 353
2659 664 25
2660 1353 317
2661 1811 526
2662 1921 425
2663 1 1428
2664 1374 409
2665 1790 466
2666 668 20
2667 1822 448
2668 1292 464
2669 1975 521
2670 1999 476
2671 661 39
2672 637 74
2673 1528 237
2674 1931 533
2675 93 1469
2676 1378 384
2677 1365 496
2678 660 17
2679 1567 202
2680 1959 530
2681 1899 552
2682 638 67
2683 1958 526
2684 1510 228
2685 1368 521
2686 1291 475
2687 1282 464
2688 598 76
2689 1932 531
2690 99 1479
2691 1848 455
2692 1358 320
2693 1378 447
2694 1328 529
2695 1334 492
2696 1515 234
2697 1314 493
2698 1520 221
2699 1563 294
2700 1593 292
2701 1844 442
2702 1325 305
2703 615 53
2704 666 49
2705 1324 335
2706 1631 232
2707 607 62
2708 625 49
2709 641 59
2710 699 0
2711 1881 559
2712 646 67
2713 1277 443
2714 646 71
2715 1343 488
2716 1835 463
2717 1636 238
2718 1880 412
2719 1651 244
2720 58 1509
2721 1341 497
2722 1837 548
2723 1798 458
2724 1361 254
2725 596 69
2726 1367 367
2727 1915 425
2728 607 54
2729 1543 291
2730 1853 437
2731 1345 364
2732 70 1570
2733 629 62
2734 1587 203
2735 689 21
2736 1365 447
2737 1528 258
2738 1910 543
2739 1973 527
2740 1882 557
2741 84 1484
2742 1374 364
2743 1361 251
2744 1625 239
2745 1370 387
2746 1527 237
2747 1865 566
2748 1543 292
2749 1530 287
2750 1972 512
2751 648 60
2752 1348 312
2753 607 93
2754 1912 412
2755 1800 457
2756 676 43
2757 1608 292
2758 35 1461
2759 1321 497
2760 1625 230
2761 663 27
2762 1567 276
2763 1348 500
2764 670 57
2765 1814 470
2766 1628 249
2767 1570 209
2768 1868 562
2769 1360 264
2770 1922 422
2771 632 52
2772 1531 241
2773 1382 518
2774 1377 388
2775 1583 201
2776 1960 528
2777 1361 253
2778 1364 483
2779 1552 261
2780 1985 525
2781 1532 267
2782 1822 465
2783 1985 501
2784 1526 224
2785 619 62
2786 1981 494
2787 1527 274
2788 645 48
2789 1366 351
2790 1949 455
2791 1851 443
2792 1355 485
2793 1550 204
2794 51 1503
2795 1809 484
2796 91 1475
2797 646 79
2798 563 29
2799 78 1564
2800 1906 412
2801 1649 244
2802 1360 369
2803 616 97
2804 1805 506
2805 645 57
2806 691 11
2807 633 43
2808 1365 463
2809 1815 528
2810 89 1564
2811 1519 229
2812 643 40
2813 1857 562
2814 582 47
2815 1358 349
2816 1382 350
2817 1341 533
2818 1280 446
2819 645 70
2820 1368 479
2821 1432 293
2822 1364 370
2823 1367 527
2824 1391 346
2825 1809 475
2826 1362 289
2827 618 72
2828 1648 254
2829 1351 356
2830 1380 425
2831 1534 220
2832 1572 293
2833 1820 453
2834 81 1481
2835 644 62
2836 1628 260
2837 1530 209
2838 1919 429
2839 1535 288
2840 1391 347
2841 1618 220
2842 1923 418
2843 1858 450
2844 1561 276
2845 1361 367
2846 1357 372
2847 1590 291
2848 1367 290
2849 1602 210
2850 1588 218
2851 1623 244
2852 93 1559
2853 1834 461
2854 1616 217
2855 1347 361
2856 1631 220
2857 611 70
2858 1380 522
2859 1581 197
2860 1361 323
2861 1515 231
2862 578 46
2863 1646 237
2864 1360 290
2865 1381 444
2866 1995 527
2867 1568 198
2868 1344 315
2869 606 104
2870 1576 292
2871 1808 505
2872 1957 449
2873 577 40
2874 1907 550
2875 1946 431
2876 1342 326
2877 1527 239
2878 1894 413
2879 1540 203
2880 1330 375
2881 1324 302
2882 1359 321
2883 1350 487
2884 564 34
2885 1905 555
2886 100 1323
2887 613 73
2888 1628 247
2889 1808 460
2890 1284 466
2891 622 83
2892 1947 514
2893 1530 260
2894 543 4
2895 76 1544
2896 1365 284
2897 1905 407
2898 1647 240
2899 1371 349
2900 1823 548
2901 1350 345
2902 1919 442
2903 613 47
2904 1923 435
2905 1540 196
2906 1636 270
2907 610 59
2908 1363 388
2909 1381 371
2910 1346 323
2911 682 11
2912 1931 438
2913 638 38
2914 616 86
2915 1959 457
2916 1552 220
2917 1803 484
2918 612 79
2919 1845 444
2920 1990 501
2921 1284 470
2922 1438 293
2923 610 96
2924 604 86
2925 1523 257
2926 1882 401
2927 1375 468
2928 1632 231
2929 1332 384
2930 1909 430
2931 1364 339
2932 1604 298
2933 1365 394
2934 1526 259
2935 1372 367
2936 1372 417
2937 616 102
2938 599 57
2939 1358 365
2940 1375 485
2941 1367 437
2942 1349 315
2943 1378 378
2944 571 41
2945 602 98
2946 1924 443
2947 1528 268
2948 1399 484
2949 1307 487
2950 1553 275
2951 1378 388
2952 1852 440
2953 1930 519
2954 1557 214
2955 1629 231
2956 1525 271
2957 1322 526
2958 601 101
2959 1513 213
2960 1944 517
2961 1801 475
2962 1312 488
2963 1855 437
2964 1634 242
2965 1374 349
2966 1442 283
2967 1808 502
2968 1368 358
2969 1597 294
2970 1525 233
2971 1893 410
2972 1552 219
2973 681 42
2974 1802 456
2975 1365 311
2976 1619 235
2977 1961 518
2978 1317 345
2979 1519 238
2980 1612 290
2981 1632 246
2982 632 74
2983 1629 228
2984 1320 533
2985 684 17
2986 641 58
2987 632 56
2988 616 98
2989 1357 365
2990 634 77
2991 1803 501
2992 1557 276
2993 1828 553
2994 1524 262
2995 613 89
2996 1371 462
2997 1334 382
2998 1850 454
2999 1343 380
3000 1327 348
3001 1366 332
3002 1364 526
3003 1802 474
3004 646 29
3005 1354 354
3006 1290 467
3007 78 1534
3008 598 44
3009 1541 195
3010 1381 468
3011 1350 318
3012 1552 193
3013 586 40
3014 1375 477
3015 639 32
3016 72 1569
3017 1588 298
3018 1801 463
3019 1374 491
3020 559 27
3021 1970 528
3022 1428 292
3023 1571 290
3024 635 78
3025 1816 550
3026 1510 215
3027 1350 504
3028 1941 538
3029 1815 474
3030 1531 217
3031 604 96
3032 602 55
3033 1281 449
3034 1626 238
3035 631 69
3036 1804 451
3037 1363 493
3038 1561 281
3039 79 1482
3040 1603 291
3041 1597 300
3042 1609 289
3043 1804 495
3044 1807 501
3045 1359 312
3046 1383 364
3047 1821 537
3048 608 61
3049 1560 293
3050 1532 252
3051 1546 295
3052 1552 269
3053 1589 294
3054 1357 351
3055 1907 549
3056 1302 482
3057 1351 339
3058 552 17
3059 1547 226
3060 1570 295
3061 1560 197
3062 1938 436
3063 1383 476
3064 1905 547
3065 2 1435
3066 1807 489
3067 47 1498
3068 1351 321
3069 1525 213
3070 1565 289
3071 1300 490
3072 608 92
3073 1393 463
3074 114 1337
3075 1935 539
3076 1435 292
3077 1509 221
3078 1527 219
3079 1797 455
3080 1867 564
3081 1528 236
3082 1524 238
3083 569 37
3084 1364 464
3085 1553 210
3086 1555 215
3087 646 77
3088 651 29
3089 1407 322
3090 678 49
3091 1625 242
3092 1844 548
3093 1306 358
3094 1919 540
3095 609 86
3096 1898 427
3097 1635 246
3098 1356 378
3099 1415 305
3100 611 55
3101 683 19
3102 1372 395
3103 92 1472
3104 630 39
3105 579 34
3106 1549 202
3107 1805 489
3108 1370 364
3109 1356 486
3110 1522 261
3111 1905 414
3112 1531 206
3113 1859 437
3114 1812 515
3115 1376 449
3116 621 70
3117 1801 493
3118 641 81
3119 630 43
3120 1991 483
3121 1998 520
3122 1965 522
3123 1400 332
3124 1930 426
3125 1446 293
3126 1849 455
3127 1546 208
3128 1550 206
3129 1576 212
3130 1554 258
3131 671 21
3132 1554 206
3133 640 73
3134 645 52
3135 1372 440
3136 121 1408
3137 1405 321
3138 81 1557
3139 1566 196
3140 1617 223
3141 1369 298
3142 1571 286
3143 1519 226
3144 1382 475
3145 1874 420
3146 1623 258
3147 1981 514
3148 1590 213
3149 649 30
3150 1995 534
3151 1623 225
3152 77 1565
3153 625 61
3154 1890 401
3155 1852 570
3156 680 34
3157 1935 523
3158 46 1466
3159 1948 454
3160 1879 405
3161 1808 526
3162 1917 437
3163 106 1385
3164 1566 289
3165 1789 466
3166 631 45
3167 1623 245
3168 1530 265
3169 1318 491
3170 75 1470
3171 1928 545
3172 1622 217
3173 1596 210
3174 1297 482
3175 1283 451
3176 572 34
3177 1402 320
3178 1649 254
3179 1542 288
3180 1571 298
3181 1398 326
3182 1320 361
3183 630 50
3184 1321 354
3185 1808 539
3186 1324 497
3187 101 1459
3188 1590 300
3189 1395 478
3190 641 49
3191 63 1543
3192 1564 293
3193 1531 228
3194 629 51
3195 1981 502
3196 1358 523
3197 1928 431
3198 1551 278
3199 649 65
3200 1891 407
3201 1845 553
3202 1846 447
3203 122 1346
3204 1376 375
3205 611 86
3206 1587 212
3207 595 53
3208 1873 421
3209 91 1565
3210 1365 272
3211 1569 195
3212 1533 296
3213 1837 555
3214 1985 534
3215 1350 502
3216 1368 339
3217 1341 529
3218 1317 534
3219 1604 297
3220 1394 482
3221 1907 557
3222 1603 211
3223 1613 289
3224 1319 526
3225 1874 559
3226 1359 378
3227 1908 425
3228 1365 443
3229 544 0
3230 1525 269
3231 1335 534
3232 1809 453
3233 1589 210
3234 1312 353
3235 1561 198
3236 1339 382
3237 1857 443
3238 1376 430
3239 1362 272
3240 1540 186
3241 1898 431
3242 1532 205
3243 658 20
3244 1976 514
3245 1362 332
3246 1310 358
3247 1637 234
3248 1593 201
3249 1807 500
3250 1824 550
3251 1808 472
3252 1935 434
3253 1842 558
3254 1878 418
3255 1560 264
3256 1992 494
3257 1337 372
3258 1860 563
3259 1386 333
3260 601 53
3261 1343 501
3262 1530 282
3263 1329 494
3264 82 1545
3265 1362 295
3266 1810 511
3267 1828 455
3268 1573 203
3269 1367 420
3270 1877 410
3271 1968 511
3272 1866 426
3273 650 55
3274 1520 252
3275 1343 504
3276 1804 507
3277 1333 501
3278 1928 433
3279 1447 277
3280 69 1471
3281 1348 364
3282 1363 386
3283 1815 524
3284 659 30
3285 624 36
3286 624 76
3287 1521 243
3288 1934 526
3289 606 82
3290 1930 530
3291 1323 530
3292 1528 241
3293 1930 444
3294 1793 478
3295 1371 468
3296 1367 426
3297 1994 489
3298 1796 481
3299 641 46
3300 576 44
3301 1558 276
3302 1873 567
3303 1923 443
3304 1596 209
3305 1790 471
3306 599 93
3307 1308 356
3308 1373 427
3309 1363 358
3310 1850 568
3311 636 75
3312 1379 341
3313 1310 491
3314 1372 365
3315 52 1514
3316 617 49
3317 1376 386
3318 1347 501
3319 1939 449
3320 557 20
3321 1587 298
3322 1626 257
3323 1376 468
3324 1856 549
3325 1375 347
3326 1898 417
3327 1312 362
3328 1812 527
3329 1848 456
3330 1925 423
3331 1347 505
3332 1840 569
3333 1622 212
3334 1941 530
3335 1936 437
3336 1367 292
3337 1558 286
3338 1574 206
3339 1811 534
3340 1374 408
3341 1512 218
3342 1427 294
3343 1836 548
3344 1381 431
3345 1829 455
3346 1512 221
3347 1647 258
3348 1364 476
3349 1937 432
3350 1445 284
3351 1320 347
3352 1333 490
3353 1560 279
3354 599 67
3355 1626 228
3356 1363 360
3357 1381 432
3358 1809 486
3359 1382 347
3360 1366 349
3361 1510 216
3362 83 1543
3363 645 33
3364 1405 325
3365 652 26
3366 1830 456
3367 590 46
3368 1311 497
3369 1792 462
3370 1551 200
3371 594 83
3372 1811 513
3373 1573 294
3374 1527 202
3375 1366 406
3376 1561 277
3377 642 64
3378 1820 536
3379 1851 555
3380 1392 466
3381 1646 226
3382 1803 459
3383 1625 264
3384 1554 213
3385 1555 263
3386 1365 405
3387 1833 445
3388 1958 511
3389 1978 520
3390 1631 222
3391 106 1376
3392 670 55
3393 561 27
3394 653 48
3395 1364 497
3396 640 71
3397 1333 504
3398 1837 451
3399 1939 442
3400 1336 370
3401 61 1522
3402 1821 466
3403 1818 530
3404 1940 533
3405 569 30
3406 1793 487
3407 1948 495
3408 101 1458
3409 1986 487
3410 1816 548
3411 1883 400
3412 1433 292
3413 1876 422
3414 1560 266
3415 663 52
3416 54 1505
3417 608 60
3418 1922 428
3419 1368 296
3420 1813 473
3421 1591 296
3422 1391 497
3423 1432 295
3424 66 1464
3425 1577 294
3426 1929 434
3427 1937 427
3428 622 81
3429 1342 376
3430 1950 523
3431 1821 458
3432 1298 485
3433 1580 291
3434 1928 528
3435 1342 357
3436 1843 567
3437 1292 483
3438 1379 344
3439 1818 551
3440 116 1354
3441 71 1566
3442 1570 299
3443 1362 266
3444 1362 306
3445 1374 368
3446 1824 466
3447 673 59
3448 1360 279
3449 1603 292
3450 1551 214
3451 1557 289
3452 1921 535
3453 1368 315
3454 1859 436
3455 642 55
3456 1378 414
3457 1898 558
3458 1826 553
3459 1584 297
3460 624 71
3461 1790 467
3462 617 87
3463 1380 477
3464 1336 374
3465 671 20
3466 1898 426
3467 1344 363
3468 1549 214
3469 1550 256
3470 1321 490
3471 1634 253
3472 1844 455
3473 1345 360
3474 1536 277
3475 571 35
3476 615 67
3477 584 49
3478 1372 448
3479 1566 276
3480 1369 455
3481 1921 438
3482 1806 480
3483 1305 354
3484 1627 223
3485 1896 407
3486 1527 264
3487 1525 268
3488 1643 252
3489 1553 203
3490 1823 540
3491 1345 342
3492 1368 299
3493 1947 500
3494 1379 355
3495 1345 497
3496 1376 440
3497 641 82
3498 1829 465
3499 1547 250
3500 625 36
3501 1805 523
3502 1321 498
3503 594 42
3504 1359 487
3505 1375 428
3506 1378 458
3507 1853 442
3508 1565 270
3509 86 1459
3510 1369 299
3511 1821 453
3512 648 83
3513 1365 525
3514 1614 224
3515 1531 266
3516 1383 521
3517 687 22
3518 1347 523
3519 1372 466
3520 1993 525
3521 1335 498
3522 1955 448
3523 1517 230
3524 1347 370
3525 575 33
3526 1369 451
3527 1831 446
3528 57 1484
3529 1372 357
3530 1978 504
3531 1821 449
3532 1360 256
3533 1964 526
3534 1568 299
3535 1407 317
3536 1967 441
3537 1625 243
3538 1368 397
3539 44 1491
3540 1802 455
3541 1647 244
3542 623 46
3543 1575 216
3544 1530 289
3545 1646 248
3546 622 74
3547 1365 469
3548 1636 247
3549 1803 451
3550 1843 559
3551 1374 476
3552 1393 492
3553 1382 372
3554 1571 197
3555 1803 460
3556 1344 359
3557 1596 301
3558 1559 266
3559 1369 493
3560 1350 308
3561 1518 249
3562 1385 352
3563 1285 452
3564 1623 262
3565 1525 267
3566 1343 502
3567 1359 529
3568 1813 528
3569 622 94
3570 1939 537
3571 1810 470
3572 1928 438
3573 620 88
3574 1945 529
3575 1379 467
3576 1995 477
3577 1359 481
3578 1393 487
3579 1322 341
3580 1949 535
3581 1877 420
3582 1797 480
3583 1283 470
3584 1578 199
3585 1562 276
3586 1997 508
3587 1924 540
3588 1377 367
3589 1983 487
3590 1524 224
3591 1916 442
3592 1370 349
3593 1810 447
3594 1631 226
3595 47 1464
3596 620 69
3597 1642 237
3598 1981 509
3599 1798 462
3600 1420 307
3601 550 10
3602 1559 279
3603 1366 401
3604 547 17
3605 1350 529
3606 1366 484
3607 1359 478
3608 1527 214
3609 670 27
3610 1971 529
3611 1835 464
3612 1359 521
3613 1789 468
3614 1381 456
3615 1365 285
3616 1344 532
3617 1411 318
3618 571 36
3619 1524 258
3620 1555 218
3621 1571 285
3622 1805 475
3623 1807 458
3624 1513 206
3625 1368 334
3626 552 22
3627 688 23
3628 1527 227
3629 1582 295
3630 633 40
3631 1585 214
3632 1361 330
3633 599 101
3634 1361 389
3635 1896 416
3636 1381 412
3637 1298 487
3638 1528 225
3639 1512 211
3640 1836 550
3641 1896 417
3642 1810 452
3643 1578 206
3644 635 74
3645 1331 490
3646 630 32
3647 677 26
3648 1919 536
3649 69 1545
3650 1332 370
3651 1633 235
3652 1811 468
3653 1383 454
3654 1362 317
3655 1375 353
3656 1814 492
3657 1374 379
3658 1356 335
3659 1352 323
3660 639 67
3661 681 29
3662 1804 456
3663 626 91
3664 1899 559
3665 87 1551
3666 1842 569
3667 1360 333
3668 1308 358
3669 1381 452
3670 1361 257
3671 1366 367
3672 1544 212
3673 67 1540
3674 1644 224
3675 1840 452
3676 1824 448
3677 1610 291
3678 1848 573
3679 1835 455
3680 1939 436
3681 1978 501
3682 603 98
3683 1313 499
3684 1791 486
3685 1986 533
3686 642 76
3687 1521 239
3688 1370 310
3689 660 73
3690 1380 402
3691 1792 472
3692 1979 515
3693 1599 214
3694 1538 214
3695 1956 449
3696 1550 262
3697 621 87
3698 1359 308
3699 1582 212
3700 1991 509
3701 1372 429
3702 1922 546
3703 1379 408
3704 1543 190
3705 1952 438
3706 1563 282
3707 1856 443
3708 637 50
3709 1360 272
3710 1374 484
3711 1933 528
3712 1910 414
3713 1396 493
3714 1592 302
3715 1816 543
3716 72 1536
3717 1644 245
3718 1794 459
3719 1342 495
3720 1313 492
3721 1370 372
3722 1566 208
3723 1390 343
3724 1376 447
3725 1397 490
3726 660 62
3727 1357 362
3728 1396 495
3729 619 52
3730 668 33
3731 1374 482
3732 1543 207
3733 1963 510
3734 613 46
3735 601 72
3736 668 59
3737 1553 262
3738 1365 288
3739 636 61
3740 1632 257
3741 1379 353
3742 1345 380
3743 1353 304
3744 1822 467
3745 1802 506
3746 658 49
3747 594 55
3748 1362 370
3749 61 1502
3750 1369 525
3751 1528 273
3752 1580 295
3753 628 89
3754 1632 274
3755 1986 505
3756 1997 516
3757 1336 529
3758 1551 266
3759 1522 229
3760 1394 481
3761 553 22
3762 65 1541
3763 656 31
3764 1791 472
3765 1871 562
3766 1911 431
3767 602 101
3768 1563 205
3769 1291 464
3770 1592 209
3771 1342 316
3772 1321 345
3773 1647 241
3774 1349 371
3775 1552 271
3776 1321 361
3777 1586 214
3778 1648 245
3779 1518 218
3780 1862 428
3781 607 89
3782 30 1449
3783 1360 297
3784 1954 474
3785 639 71
3786 1622 259
3787 556 32
3788 1360 315
3789 1371 384
3790 619 81
3791 1811 446
3792 617 42
3793 1645 243
3794 95 1554
3795 1567 200
3796 1830 457
3797 1531 214
3798 1801 492
3799 1354 495
3800 616 75
3801 1789 473
3802 1556 280
3803 1538 279
3804 1335 367
3805 1807 491
3806 1351 365
3807 1841 567
3808 1556 205
3809 1374 487
3810 664 36
3811 566 29
3812 1550 261
3813 1536 220
3814 626 52
3815 1802 458
3816 1562 283
3817 1965 450
3818 75 1538
3819 1906 553
3820 1369 448
3821 1522 234
3822 1881 416
3823 1583 204
3824 1327 491
3825 1411 317
3826 595 50
3827 77 1567
3828 610 80
3829 1927 443
3830 646 86
3831 1795 485
3832 1812 450
3833 1365 304
3834 1369 355
3835 1327 301
3836 1839 559
3837 1928 436
3838 1814 521
3839 1881 414
3840 1826 447
3841 82 1567
3842 644 34
3843 1290 462
3844 1343 330
3845 1593 217
3846 1557 287
3847 100 1455
3848 1287 460
3849 1437 291
3850 1838 554
3851 1893 412
3852 1828 550
3853 1865 561
3854 642 46
3855 1806 450
3856 21 1448
3857 1532 280
3858 618 98
3859 1530 243
3860 1531 275
3861 1592 296
3862 1605 212
3863 1823 554
3864 1352 340
3865 1618 230
3866 1639 267
3867 1377 418
3868 1518 243
3869 1379 432
3870 1816 449
3871 618 86
3872 1327 342
3873 1372 382
3874 1323 301
3875 646 48
3876 62 1522
3877 1535 268
3878 1906 431
3879 672 61
3880 1563 204
3881 1942 512
3882 1359 337
3883 668 47
3884 1320 527
3885 1633 224
3886 1599 302
3887 1418 302
3888 561 28
3889 1557 281
3890 1344 317
3891 1348 358
3892 1322 490
3893 1913 438
3894 1915 436
3895 1815 456
3896 1611 295
3897 1382 517
3898 1342 348
3899 666 35
3900 1919 432
3901 1551 217
3902 628 48
3903 663 30
3904 1826 450
3905 581 37
3906 1370 525
3907 1523 214
3908 1961 514
3909 1971 509
3910 1559 294
3911 1362 498
3912 1650 254
3913 1804 502
3914 669 31
3915 1384 336
3916 1348 489
3917 1375 403
3918 1302 491
3919 1555 201
3920 1822 552
3921 1362 364
3922 1621 219
3923 611 45
3924 1273 453
3925 1576 300
3926 1941 426
3927 1407 323
3928 1623 246
3929 1844 568
3930 1333 381
3931 1357 487
3932 1557 216
3933 1603 218
3934 670 47
3935 1946 429
3936 1560 199
3937 1352 321
3938 1532 192
3939 1896 403
3940 1553 271
3941 1965 507
3942 648 43
3943 1349 531
3944 1360 261
3945 659 27
3946 663 64
3947 1523 265
3948 1519 233
3949 1912 547
3950 1290 464
3951 1320 530
3952 1807 537
3953 566 32
3954 1388 350
3955 1363 252
3956 1512 210
3957 687 8
3958 646 45
3959 1851 566
3960 1378 370
3961 1889 407
3962 1574 205
3963 1381 482
3964 1560 275
3965 1537 208
3966 1569 200
3967 1573 208
3968 1394 457
3969 653 52
3970 1991 513
3971 107 1432
3972 1364 272
3973 1377 369
3974 656 70
3975 1368 344
3976 1368 338
3977 635 61
3978 643 68
3979 1644 254
3980 1377 359
3981 1518 222
3982 1874 422
3983 1370 457
3984 1628 227
3985 1368 392
3986 1397 486
3987 126 1368
3988 661 60
3989 1802 487
3990 1634 228
3991 1808 538
3992 1636 227
3993 1411 312
3994 1862 424
3995 1884 424
3996 1516 219
3997 1900 424
3998 1562 197
3999 1812 500
4000 1355 377
4001 591 51
4002 1613 217
4003 1351 336
4004 1623 217
4005 1899 405
4006 648 29
4007 1379 482
4008 1378 444
4009 1944 541
4010 650 43
4011 645 40
4012 1940 524
4013 1598 212
4014 1363 306
4015 1365 461
4016 1361 487
4017 1564 206
4018 1990 500
4019 614 51
4020 1551 254
4021 1550 217
4022 1999 530
4023 660 38
4024 1279 449
4025 635 47
4026 1624 260
4027 636 63
4028 1532 279
4029 1924 537
4030 1373 394
4031 626 59
4032 1932 529
4033 1877 558
4034 640 50
4035 1353 373
4036 1841 445
4037 1513 211
4038 1806 510
4039 659 72
4040 1992 492
4041 1545 205
4042 594 76
4043 639 27
4044 669 21
4045 1362 315
4046 1642 240
4047 1517 224
4048 622 77
4049 1835 459
4050 645 50
4051 1831 552
4052 1948 444
4053 1951 531
4054 1998 527
4055 1532 270
4056 648 31
4057 1835 550
4058 1524 249
4059 1559 293
4060 1927 522
4061 643 32
4062 77 1562
4063 608 82
4064 1342 315
4065 631 52
4066 1352 375
4067 1915 413
4068 1311 358
4069 1329 531
4070 659 24
4071 1362 300
4072 1356 317
4073 1632 224
4074 1932 526
4075 1386 337
4076 1803 476
4077 1868 415
4078 87 1462
4079 611 82
4080 622 46
4081 615 56
4082 1545 203
4083 1651 245
4084 1365 526
4085 681 13
4086 1327 497
4087 1522 206
4088 1900 426
4089 1918 423
4090 1841 566
4091 1645 228
4092 1376 459
4093 597 68
4094 1590 207
4095 1883 417
4096 1349 329
4097 1816 450
4098 680 26
4099 1643 249
4100 1360 314
4101 1334 503
4102 1529 258
4103 689 9
4104 1815 465
4105 1363 315
4106 633 77
4107 679 38
4108 625 46
4109 1820 472
4110 1938 508
4111 1959 462
4112 1308 493
4113 1616 209
4114 1633 240
4115 1365 483
4116 1955 458
4117 1834 556
4118 1921 547
4119 1367 389
4120 644 44
4121 649 49
4122 1912 546
4123 1817 541
4124 1950 508
4125 1350 351
4126 1319 527
4127 1530 256
4128 1601 301
4129 1611 290
4130 604 52
4131 1371 459
4132 664 65
4133 1944 444
4134 1553 256
4135 1432 288
4136 1339 368
4137 596 52
4138 547 4
4139 1950 525
4140 1511 218
4141 1840 458
4142 1898 555
4143 1933 542
4144 1397 332
4145 1318 500
4146 634 75
4147 1570 284
4148 1510 226
4149 72 1550
4150 1581 289
4151 1821 473
4152 1826 464
4153 89 1320
4154 1997 494
4155 1526 218
4156 1628 235
4157 608 51
4158 1446 276
4159 67 1524
4160 1565 215
4161 604 60
4162 1871 424
4163 1516 236
4164 641 83
4165 1444 284
4166 1385 519
4167 1566 203
4168 1598 214
4169 1578 216
4170 1376 475
4171 1595 202
4172 1850 570
4173 1904 411
4174 1391 483
4175 1358 323
4176 1372 482
4177 1366 316
4178 1417 309
4179 1819 456
4180 93 1472
4181 1324 494
4182 1947 529
4183 1816 452
4184 1832 552
4185 1793 471
4186 1950 532
4187 1529 221
4188 1650 247
4189 1570 287
4190 612 91
4191 1828 545
4192 1529 236
4193 680 9
4194 681 30
4195 604 61
4196 1807 494
4197 607 88
4198 1618 287
4199 546 4
4200 595 69
4201 1646 253
4202 611 103
4203 1525 205
4204 1867 416
4205 1380 521
4206 1574 295
4207 665 62
4208 54 1503
4209 1982 490
4210 1363 248
4211 1361 378
4212 1908 420
4213 621 85
4214 1282 468
4215 69 1521
4216 1513 231
4217 1612 212
4218 1947 429
4219 1535 284
4220 1358 381
4221 1584 214
4222 1368 461
4223 1382 344
4224 661 47
4225 1570 197
4226 1357 318
4227 1610 225
4228 1355 530
4229 68 1566
4230 1822 464
4231 93 1561
4232 1613 292
4233 1382 349
4234 1799 452
4235 57 1521
4236 124 1406
4237 1804 476
4238 1966 509
4239 611 104
4240 1516 220
4241 606 93
4242 1594 302
4243 1625 219
4244 1542 213
4245 1952 457
4246 1865 422
4247 1848 443
4248 67 1553
4249 1843 459
4250 1886 413
4251 1389 344
4252 1624 228
4253 1372 519
4254 1805 517
4255 1606 293
4256 1945 538
4257 1613 207
4258 1375 405
4259 1553 199
4260 1634 226
4261 1365 308
4262 1534 202
4263 1841 452
4264 1559 286
4265 1889 424
4266 1982 506
4267 650 67
4268 1285 451
4269 1871 560
4270 83 1477
4271 1521 204
4272 1532 288
4273 1623 215
4274 1380 479
4275 1892 427
4276 1915 553
4277 1510 221
4278 1843 450
4279 1893 407
4280 543 8
4281 589 41
4282 1438 284
4283 1594 296
4284 1536 211
4285 605 62
4286 1319 338
4287 1808 517
4288 1339 371
4289 565 34
4290 612 70
4291 1383 516
4292 1359 317
4293 1925 428
4294 628 57
4295 621 91
4296 1375 484
4297 606 101
4298 1916 424
4299 1808 483
4300 1883 409
4301 1378 461
4302 1365 523
4303 1355 317
4304 1354 497
4305 1594 300
4306 1933 427
4307 1565 288
4308 1334 524
4309 1334 368
4310 1586 200
4311 1948 526
4312 1524 202
4313 1589 207
4314 588 40
4315 1890 420
4316 667 24
4317 1630 241
4318 1880 563
4319 1830 449
4320 587 41
4321 1531 246
4322 1590 204
4323 686 7
4324 1522 258
4325 1805 490
4326 1395 467
4327 1535 191
4328 655 31
4329 684 30
4330 1577 197
4331 1530 252
4332 1815 463
4333 1375 520
4334 1361 352
4335 1362 313
4336 1352 329
4337 1626 265
4338 1558 191
4339 1357 523
4340 97 1556
4341 615 76
4342 115 1340
4343 1581 299
4344 1379 470
4345 1597 202
4346 1518 244
4347 1344 533
4348 603 105
4349 1643 242
4350 1616 208
4351 1824 543
4352 687 7
4353 1582 209
4354 637 31
4355 632 42
4356 1831 550
4357 68 1535
4358 1855 567
4359 1324 357
4360 1892 416
4361 1915 416
4362 1354 348
4363 1573 193
4364 1626 217
4365 1295 475
4366 1330 491
4367 48 1493
4368 1968 520
4369 1357 322
4370 1335 379
4371 1810 453
4372 1591 298
4373 1360 378
4374 1928 430
4375 87 1547
4376 1803 505
4377 1376 392
4378 1810 458
4379 1955 459
4380 1626 221
4381 632 43
4382 1893 403
4383 1652 246
4384 1518 212
4385 611 96
4386 1523 256
4387 1822 540
4388 1950 505
4389 1350 528
4390 620 77
4391 592 54
4392 1982 487
4393 1820 547
4394 1916 545
4395 1370 447
4396 642 78
4397 1282 442
4398 1373 395
4399 1922 420
4400 1521 209
4401 1519 207
4402 1941 432
4403 1356 480
4404 1523 220
4405 1320 302
4406 1626 232
4407 1939 444
4408 614 98
4409 1944 508
4410 686 21
4411 1803 475
4412 1565 282
4413 1898 425
4414 1415 311
4415 612 52
4416 588 50
4417 1857 444
4418 619 60
4419 1533 204
4420 1397 470
4421 636 58
4422 625 50
4423 1861 431
4424 578 34
4425 68 1540
4426 1374 361
4427 108 1432
4428 1857 454
4429 1788 480
4430 1616 226
4431 1538 296
4432 78 1543
4433 1550 264
4434 1327 343
4435 1559 206
4436 1523 229
4437 1364 332
4438 1566 283
4439 1965 526
4440 1367 483
4441 1316 343
4442 639 63
4443 654 67
4444 648 50
4445 1609 302
4446 1632 253
4447 1367 348
4448 1635 242
4449 1360 322
4450 1909 555
4451 107 1331
4452 1635 230
4453 1367 296
4454 1924 439
4455 1379 391
4456 1292 476
4457 1358 357
4458 1565 293
4459 1840 547
4460 1954 464
4461 1975 517
4462 1618 219
4463 86 1554
4464 1894 410
4465 1353 527
4466 1964 507
4467 1555 264
4468 637 35
4469 1851 439
4470 1599 211
4471 1395 474
4472 1559 199
4473 1940 505
4474 1376 352
4475 1393 482
4476 1900 561
4477 1569 211
4478 659 21
4479 1948 530
4480 1834 545
4481 600 56
4482 1396 335
4483 1535 196
4484 668 21
4485 1328 528
4486 1281 444
4487 641 62
4488 1280 452
4489 1589 201
4490 1380 364
4491 1357 334
4492 1536 192
4493 1306 482
4494 1300 486
4495 1825 552
4496 1627 239
4497 599 62
4498 1998 484
4499 1801 485
4500 1352 356
4501 1873 560
4502 1935 511
4503 1530 214
4504 597 73
4505 1878 421
4506 1977 518
4507 603 90
4508 1521 207
4509 1908 549
4510 1941 514
4511 1398 482
4512 1648 244
4513 1819 466
4514 1598 291
4515 1531 195
4516 1343 523
4517 1878 424
4518 1875 560
4519 1874 561
4520 1393 339
4521 1800 468
4522 1830 455
4523 648 57
4524 1539 285
4525 1798 466
4526 621 53
4527 1380 461
4528 59 1493
4529 615 75
4530 1816 539
4531 1984 488
4532 608 57
4533 1557 265
4534 1810 513
4535 637 76
4536 633 74
4537 1561 211
4538 1938 523
4539 1916 547
4540 1319 532
4541 1581 209
4542 1563 268
4543 1355 488
4544 1349 489
4545 1446 294
4546 1949 501
4547 1889 559
4548 1849 565
4549 1345 320
4550 617 51
4551 582 45
4552 1368 381
4553 1856 453
4554 1871 561
4555 1347 349
4556 1807 530
4557 1362 276
4558 652 22
4559 1862 426
4560 1311 498
4561 1340 373
4562 1826 544
4563 1392 497
4564 1362 524
4565 678 47
4566 1389 337
4567 1845 552
4568 1586 213
4569 1960 524
4570 1526 193
4571 1996 512
4572 1357 361
4573 593 56
4574 1877 416
4575 1537 216
4576 1398 473
4577 1855 449
4578 1606 216
4579 685 21
4580 1392 465
4581 1536 279
4582 594 50
4583 597 58
4584 1331 373
4585 1336 490
4586 1394 491
4587 1949 523
4588 1288 464
4589 1379 367
4590 1868 419
4591 1524 247
4592 1364 280
4593 1346 371
4594 1535 279
4595 1376 485
4596 1846 449
4597 655 64
4598 1927 530
4599 1793 459
4600 1600 221
4601 554 15
4602 1931 448
4603 1326 530
4604 1804 458
4605 73 1572
4606 1790 468
4607 1371 391
4608 1944 501
4609 1367 343
4610 1348 495
4611 1353 325
4612 1635 238
4613 1335 326
4614 1380 478
4615 636 28
4616 1808 447
4617 1869 416
4618 1925 442
4619 1575 200
4620 1842 442
4621 1987 526
4622 1802 459
4623 1409 317
4624 666 21
4625 1860 431
4626 1985 517
4627 1804 457
4628 1349 322
4629 1328 504
4630 1545 193
4631 1337 326
4632 1600 206
4633 1932 435
4634 1554 193
4635 553 16
4636 1819 541
4637 1441 294
4638 1909 546
4639 1323 500
4640 1808 459
4641 583 44
4642 559 24
4643 680 19
4644 107 1438
4645 685 3
4646 1290 475
4647 1887 424
4648 544 1
4649 1347 381
4650 1580 213
4651 630 76
4652 1289 460
4653 1279 454
4654 1391 492
4655 1627 231
4656 1885 419
4657 1827 551
4658 1447 279
4659 1368 492
4660 1520 227
4661 1363 346
4662 1610 212
4663 1531 242
4664 1380 393
4665 1377 398
4666 1352 327
4667 1359 310
4668 1365 426
4669 1891 413
4670 1352 324
4671 1830 465
4672 1796 472
4673 656 45
4674 1905 557
4675 614 64
4676 1369 478
4677 1901 415
4678 657 53
4679 1548 205
4680 1371 356
4681 1943 517
4682 1365 380
4683 1351 312
4684 1282 448
4685 662 61
4686 1962 449
4687 680 47
4688 1858 444
4689 1992 482
4690 1321 302
4691 1363 367
4692 1447 280
4693 1325 500
4694 1557 269
4695 59 1284
4696 1946 458
4697 1568 298
4698 1567 201
4699 1793 483
4700 1367 338
4701 1373 365
4702 616 99
4703 1561 197
4704 1384 338
4705 1892 411
4706 1359 520
4707 658 25
4708 680 14
4709 1954 521
4710 105 1476
4711 1291 345
4712 1289 349
4713 1791 449
4714 1380 313
4715 1634 300
4716 1635 218
4717 1388 411
4718 1596 194
4719 1908 390
4720 566 55
4721 636 88
4722 634 114
4723 1269 432
4724 1773 491
4725 1425 327
4726 1624 300
4727 1799 412
4728 1390 322
4729 1809 405
4730 1423 337
4731 689 36
4732 1626 204
4733 625 118
4734 1844 579
4735 635 84
4736 1326 365
4737 1511 245
4738 1774 471
4739 1799 491
4740 1321 286
4741 1281 420
4742 1402 349
4743 1506 230
4744 583 56
4745 1848 425
4746 1500 245
4747 1380 276
4748 1368 282
4749 648 98
4750 1498 245
4751 1291 418
4752 567 45
4753 1373 253
4754 1552 295
4755 1451 291
4756 58 1569
4757 1980 438
4758 1835 428
4759 1963 545
4760 1395 444
4761 1568 184
4762 1306 501
4763 1914 563
4764 1395 298
4765 1822 428
4766 634 107
4767 1403 470
4768 1296 318
4769 1289 314
4770 1420 346
4771 1429 346
4772 1909 398
4773 1524 276
4774 1554 294
4775 1765 498
4776 1278 373
4777 1858 417
4778 1576 181
4779 1631 195
4780 1960 379
4781 1815 552
4782 1936 385
4783 1587 192
4784 1302 505
4785 1384 295
4786 537 11
4787 1399 300
4788 1404 314
4789 1820 442
4790 1989 415
4791 1569 189
4792 1783 487
4793 1802 535
4794 1394 388
4795 67 1609
4796 1361 327
4797 1347 308
4798 1839 565
4799 1359 535
4800 1953 394
4801 1387 377
4802 1367 268
4803 1926 391
4804 1403 499
4805 1516 267
4806 1952 415
4807 1631 197
4808 579 73
4809 1575 312
4810 115 1525
4811 1412 343
4812 1321 331
4813 1344 311
4814 671 72
4815 667 81
4816 1276 396
4817 1810 436
4818 1384 250
4819 1326 362
4820 1366 273
4821 1373 505
4822 1328 281
4823 1383 315
4824 1633 286
4825 1966 432
4826 1390 410
4827 639 128
4828 586 88
4829 1371 259
4830 1311 328
4831 1413 342
4832 589 63
4833 1319 512
4834 1329 303
4835 1332 542
4836 1310 389
4837 1553 300
4838 1373 343
4839 1340 281
4840 1804 523
4841 1290 316
4842 75 1591
4843 1318 289
4844 1590 187
4845 1368 324
4846 1639 282
4847 1406 356
4848 1548 282
4849 1615 301
4850 595 106
4851 663 43
4852 1902 403
4853 1848 430
4854 1294 390
4855 1946 389
4856 1408 337
4857 1638 228
4858 1402 474
4859 1795 437
4860 1500 228
4861 1283 428
4862 1787 473
4863 1383 486
4864 1280 467
4865 1805 403
4866 1968 439
4867 1589 311
4868 1398 501
4869 1371 240
4870 1344 536
4871 1584 184
4872 1413 328
4873 1522 274
4874 1391 404
4875 1359 275
4876 110 1526
4877 609 120
4878 1966 390
4879 1386 283
4880 564 46
4881 1611 201
4882 1389 363
4883 1327 265
4884 1790 497
4885 1988 430
4886 1974 421
4887 1385 438
4888 1633 204
4889 59 1538
4890 1764 492
4891 1784 497
4892 1607 311
4893 1397 353
4894 1778 490
4895 582 55
4896 1868 413
4897 1351 509
4898 661 42
4899 1830 434
4900 1796 514
4901 1529 289
4902 584 68
4903 550 26
4904 1401 369
4905 1304 323
4906 1387 322
4907 1370 534
4908 1523 277
4909 1392 399
4910 1624 305
4911 1281 471
4912 1306 500
4913 1289 369
4914 1291 348
4915 1302 340
4916 1290 355
4917 1887 400
4918 1626 301
4919 634 90
4920 1603 187
4921 1428 348
4922 636 118
4923 1325 366
4924 1490 235
4925 1955 433
4926 689 54
4927 709 8
4928 1963 407
4929 1361 501
4930 1882 573
4931 1618 201
4932 1375 501
4933 1803 442
4934 623 125
4935 1397 500
4936 1318 291
4937 1619 293
4938 1851 419
4939 1350 276
4940 1380 315
4941 1828 559
4942 1611 312
4943 1636 223
4944 1826 442
4945 593 70
4946 1367 318
4947 1986 443
4948 1404 458
4949 1495 229
4950 1406 342
4951 1381 246
4952 1577 188
4953 1287 360
4954 1367 507
4955 1661 241
4956 627 113
4957 1401 502
4958 1585 310
4959 1373 341
4960 1514 279
4961 1570 184
4962 1406 445
4963 1634 295
4964 118 1539
4965 1293 317
4966 543 11
4967 633 93
4968 1602 305
4969 640 95
4970 1345 309
4971 1922 385
4972 1970 472
4973 1573 189
4974 49 1583
4975 102 1317
4976 1343 299
4977 1309 287
4978 1991 418
4979 650 85
4980 1640 217
4981 75 1614
4982 1890 567
4983 1567 182
4984 1388 445
4985 1558 308
4986 554 36
4987 1637 281
4988 1308 506
4989 1934 419
4990 1336 544
4991 1893 572
4992 1791 510
4993 1411 487
4994 1402 353
4995 72 1582
4996 1381 255
4997 696 30
4998 1333 301
4999 1390 496
5000 1537 301
5001 1938 383
5002 1404 312
5003 1269 454
5004 1763 500
5005 1644 202
5006 1501 237
5007 630 105
5008 111 1523
5009 1304 365
5010 1616 190
5011 1659 230
5012 587 97
5013 1926 410
5014 1806 538
5015 1616 197
5016 1638 285
5017 1912 409
5018 1956 492
5019 1407 308
5020 126 1535
5021 1323 290
5022 1797 492
5023 1424 352
5024 1425 355
5025 580 82
5026 1637 210
5027 1387 295
5028 1397 369
5029 703 2
5030 1807 397
5031 1581 314
5032 1393 318
5033 1433 329
5034 1375 306
5035 1778 479
5036 1342 308
5037 1637 221
5038 1331 308
5039 61 1586
5040 1389 409
5041 1294 354
5042 1576 188
5043 1367 323
5044 73 1583
5045 1640 208
5046 1301 311
5047 1428 334
5048 1810 550
5049 1944 411
5050 1330 513
5051 1430 303
5052 1500 225
5053 1410 480
5054 612 126
5055 639 118
5056 1328 515
5057 1827 440
5058 1411 331
5059 1334 283
5060 1797 507
5061 1391 310
5062 1772 471
5063 1284 420
5064 1275 436
5065 1893 397
5066 1834 436
5067 1622 308
5068 1623 191
5069 1281 485
5070 1558 296
5071 1953 428
5072 1451 295
5073 1287 479
5074 1405 458
5075 1661 238
5076 1797 435
5077 1268 465
5078 1771 464
5079 1627 192
5080 1373 288
5081 1340 288
5082 1316 501
5083 133 1366
5084 1612 203
5085 1934 550
5086 72 1578
5087 595 101
5088 1609 313
5089 611 113
5090 1962 484
5091 1393 382
5092 69 1577
5093 1541 178
5094 1798 409
5095 1400 498
5096 673 65
5097 1390 495
5098 1287 344
5099 1347 515
5100 1583 305
5101 1491 229
5102 1654 215
5103 1535 299
5104 1363 534
5105 1411 334
5106 592 72
5107 1318 538
5108 1400 372
5109 1816 438
5110 1962 429
5111 1839 434
5112 1982 535
5113 1903 396
5114 1364 500
5115 1784 471
5116 553 32
5117 1785 488
5118 1782 450
5119 1375 309
5120 1512 272
5121 1605 310
5122 1299 412
5123 1576 308
5124 1619 310
5125 1336 290
5126 682 51
5127 1625 202
5128 1787 497
5129 1367 509
5130 1400 453
5131 1392 357
5132 1292 492
5133 1306 301
5134 1395 356
5135 1794 436
5136 1311 508
5137 1519 278
5138 1793 444
5139 1293 358
5140 1951 393
5141 1798 448
5142 1921 549
5143 1775 500
5144 1323 546
5145 659 78
5146 48 1557
5147 1561 302
5148 1293 371
5149 1790 491
5150 1403 338
5151 547 32
5152 1963 497
5153 1797 401
5154 1816 559
5155 1640 277
5156 1388 422
5157 1950 386
5158 1332 271
5159 1403 466
5160 583 77
5161 1329 511
5162 1991 448
5163 1961 403
5164 1369 240
5165 1342 261
5166 1462 258
5167 1417 336
5168 1811 551
5169 1813 439
5170 1393 446
5171 1966 482
5172 627 127
5173 1323 542
5174 1926 419
5175 1376 493
5176 1536 306
5177 1385 312
5178 679 64
5179 1330 286
5180 1312 367
5181 535 2
5182 648 105
5183 1759 497
5184 1898 398
5185 1293 339
5186 1609 191
5187 1556 179
5188 1288 369
5189 598 117
5190 1303 366
5191 579 47
5192 1380 267
5193 1286 388
5194 1299 396
5195 1799 401
5196 1451 283
5197 126 1382
5198 1647 215
5199 1945 407
5200 1571 307
5201 1940 398
5202 1386 408
5203 1771 486
5204 1813 555
5205 1453 275
5206 1832 443
5207 1584 185
5208 1514 270
5209 1409 483
5210 1297 316
5211 44 1481
5212 1420 319
5213 1608 305
5214 1851 422
5215 626 118
5216 1385 395
5217 1814 397
5218 1878 575
5219 1789 435
5220 1651 238
5221 1769 477
5222 1397 447
5223 1795 490
5224 1357 298
5225 1639 269
5226 1329 289
5227 1376 508
5228 1809 554
5229 1319 539
5230 692 23
5231 1517 266
5232 1305 296
5233 1811 552
5234 1826 441
5235 1333 304
5236 1433 322
5237 1775 470
5238 1353 536
5239 1786 470
5240 1774 485
5241 1334 292
5242 1593 187
5243 1618 208
5244 1328 363
5245 1791 458
5246 1415 317
5247 1559 309
5248 587 62
5249 1452 269
5250 632 112
5251 1341 543
5252 1642 216
5253 1551 300
5254 1392 413
5255 1385 492
5256 1961 468
5257 1489 235
5258 1409 340
5259 1639 222
5260 1817 438
5261 1774 490
5262 1410 352
5263 1384 394
5264 1293 334
5265 1834 429
5266 1334 273
5267 1801 550
5268 1977 447
5269 1848 432
5270 1391 510
5271 1798 493
5272 1314 512
5273 1637 274
5274 659 43
5275 1973 424
5276 1573 311
5277 1845 420
5278 1278 367
5279 1812 398
5280 1788 492
5281 1937 390
5282 1271 410
5283 1952 389
5284 1954 545
5285 1388 485
5286 1272 417
5287 1392 380
5288 1374 322
5289 1396 341
5290 1383 381
5291 697 30
5292 1424 324
5293 1379 305
5294 589 97
5295 1384 430
5296 1410 466
5297 1994 429
5298 1662 238
5299 1586 192
5300 1946 404
5301 52 1558
5302 1660 240
5303 1312 292
5304 1302 373
5305 1326 545
5306 1276 428
5307 1355 279
5308 1572 192
5309 1461 269
5310 1861 413
5311 1948 391
5312 1820 435
5313 1516 272
5314 1517 283
5315 1965 478
5316 1581 307
5317 578 76
5318 1286 334
5319 1891 571
5320 1811 431
5321 1563 178
5322 1813 433
5323 1939 423
5324 1407 475
5325 1823 392
5326 1858 418
5327 1390 421
5328 1959 415
5329 1373 270
5330 1277 379
5331 1559 303
5332 557 47
5333 550 35
5334 1773 473
5335 1317 394
5336 1305 539
5337 1974 444
5338 1957 482
5339 1901 568
5340 1960 440
5341 1854 433
5342 1569 185
5343 1783 447
5344 672 70
5345 1389 411
5346 1397 442
5347 1645 217
5348 1313 386
5349 1433 330
5350 1449 284
5351 1393 302
5352 625 117
5353 1961 455
5354 1568 313
5355 1301 409
5356 1909 561
5357 694 42
5358 692 32
5359 1783 469
5360 1893 573
5361 1630 210
5362 1401 302
5363 1307 377
5364 1310 505
5365 1619 294
5366 1386 433
5367 1988 402
5368 1270 442
5369 1621 191
5370 1780 455
5371 1574 305
5372 1383 410
5373 55 1531
5374 1390 297
5375 60 1553
5376 1555 187
5377 1387 416
5378 1283 471
5379 1823 426
5380 1800 410
5381 1401 368
5382 1633 210
5383 1295 347
5384 622 115
5385 1275 405
5386 1897 398
5387 1906 565
5388 115 1517
5389 551 26
5390 1341 513
5391 1810 440
5392 1396 362
5393 593 105
5394 1510 262
5395 1402 490
5396 1288 394
5397 1383 421
5398 1570 180
5399 568 50
5400 664 42
5401 1317 545
5402 1782 496
5403 1517 255
5404 1801 413
5405 659 88
5406 1797 518
5407 60 1592
5408 1555 191
5409 1284 325
5410 1642 285
5411 1800 415
5412 1375 282
5413 1377 287
5414 1296 362
5415 1968 464
5416 1968 467
5417 1650 220
5418 1911 410
5419 1369 253
5420 1786 457
5421 1479 242
5422 57 1566
5423 1425 342
5424 1359 512
5425 1546 182
5426 1425 330
5427 1790 451
5428 1302 387
5429 1945 395
5430 1385 380
5431 1804 551
5432 591 89
5433 1318 312
5434 1853 427
5435 1414 348
5436 1597 185
5437 1790 505
5438 1372 238
5439 1387 427
5440 1498 234
5441 1385 454
5442 1289 401
5443 1804 438
5444 1966 532
5445 1796 502
5446 1581 308
5447 584 53
5448 1628 201
5449 1637 227
5450 1956 410
5451 1619 191
5452 1905 567
5453 1516 270
5454 1376 300
5455 1389 427
5456 1782 452
5457 1926 550
5458 1370 254
5459 1774 456
5460 1404 361
5461 1329 313
5462 1384 407
5463 1892 570
5464 1308 397
5465 1628 306
5466 612 119
5467 1616 297
5468 1937 380
5469 1291 371
5470 592 115
5471 1653 253
5472 1303 503
5473 1301 335
5474 1328 537
5475 1499 239
5476 1783 494
5477 1374 268
5478 1278 465
5479 1367 322
5480 1383 523
5481 1820 398
5482 1836 436
5483 1553 305
5484 1579 307
5485 640 102
5486 1662 242
5487 1366 236
5488 543 9
5489 1805 437
5490 1309 394
5491 1387 380
5492 1390 468
5493 1339 291
5494 56 1527
5495 62 1582
5496 1274 475
5497 1523 285
5498 1848 437
5499 1991 452
5500 1791 436
5501 1295 356
5502 1989 440
5503 539 18
5504 1372 505
5505 1390 429
5506 1823 435
5507 549 35
5508 593 115
5509 77 1593
5510 1387 305
5511 684 60
5512 1522 293
5513 33 1471
5514 1866 411
5515 1497 227
5516 1990 421
5517 1392 294
5518 1419 346
5519 1287 361
5520 1300 362
5521 58 1241
5522 1357 299
5523 1404 348
5524 1793 508
5525 118 1327
5526 1298 308
5527 1913 559
5528 1455 265
5529 1315 542
5530 607 122
5531 51 1548
5532 1595 307
5533 1497 226
5534 1799 448
5535 1517 268
5536 1504 251
5537 548 26
5538 1642 209
5539 1518 279
5540 1403 332
5541 555 35
5542 1821 565
5543 1648 226
5544 624 102
5545 1977 448
5546 1382 417
5547 1380 498
5548 682 57
5549 1415 345
5550 1896 391
5551 1496 246
5552 1339 509
5553 1277 377
5554 1290 346
5555 1783 459
5556 1294 384
5557 1435 317
5558 1903 390
5559 1322 368
5560 1373 506
5561 1516 256
5562 1410 469
5563 1600 305
5564 571 56
5565 1314 401
5566 1616 294
5567 1433 326
5568 584 70
5569 1300 374
5570 1306 370
5571 1425 357
5572 1988 405
5573 1643 208
5574 1392 382
5575 1432 317
5576 1376 287
5577 1628 214
5578 1421 318
5579 1631 293
5580 1812 434
5581 1615 296
5582 1803 518
5583 1520 265
5584 1608 307
5585 1395 375
5586 1789 442
5587 1391 414
5588 1575 179
5589 1961 397
5590 1384 249
5591 1351 267
5592 1403 351
5593 1370 287
5594 1767 479
5595 1822 561
5596 1380 252
5597 1424 330
5598 1315 283
5599 1304 389
5600 1371 531
5601 1378 503
5602 1958 540
5603 1341 512
5604 47 1523
5605 1507 217
5606 1785 448
5607 1383 492
5608 1797 534
5609 1939 390
5610 640 124
5611 1388 366
5612 1310 317
5613 1279 363
5614 1385 292
5615 111 1513
5616 1915 560
5617 1368 499
5618 1323 504
5619 1363 539
5620 1354 280
5621 1383 418
5622 1798 450
5623 616 112
5624 1923 393
5625 1833 435
5626 1524 294
5627 1761 487
5628 1499 241
5629 1407 480
5630 1365 510
5631 1354 505
5632 1364 536
5633 1323 368
5634 1601 314
5635 1845 577
5636 1620 191
5637 1979 429
5638 1382 273
5639 98 1299
5640 1838 567
5641 1783 474
5642 1388 489
5643 1293 413
5644 1411 349
5645 1569 181
5646 1304 541
5647 588 90
5648 1301 372
5649 65 1585
5650 1870 407
5651 1384 414
5652 1393 504
5653 1381 525
5654 582 53
5655 1958 397
5656 1878 574
5657 595 100
5658 1306 289
5659 1951 539
5660 1622 292
5661 1422 340
5662 1335 299
5663 1916 390
5664 43 1518
5665 53 1577
5666 1350 536
5667 1293 381
5668 1958 410
5669 1617 193
5670 1280 427
5671 1627 212
5672 1375 312
5673 569 55
5674 1285 419
5675 1372 236
5676 1319 312
5677 1404 329
5678 631 97
5679 1281 408
5680 565 49
5681 1353 282
5682 1577 184
5683 1298 301
5684 48 1536
5685 1942 411
5686 1962 444
5687 1279 374
5688 1566 175
5689 590 74
5690 1336 513
5691 1424 344
5692 1332 512
5693 1799 485
5694 1321 379
5695 1458 273
5696 1390 454
5697 1370 315
5698 625 130
5699 1613 206
5700 1795 526
5701 1826 426
5702 1400 349
5703 1366 503
5704 1526 292
5705 1396 503
5706 1353 293
5707 1426 337
5708 1321 277
5709 1312 310
5710 1986 543
5711 632 126
5712 1524 282
5713 692 25
5714 1541 180
5715 1569 311
5716 1380 269
5717 1405 453
5718 619 112
5719 1633 293
5720 1590 183
5721 1938 419
5722 1838 432
5723 1501 245
5724 1824 392
5725 1942 389
5726 594 94
5727 1495 233
5728 1604 304
5729 1335 306
5730 1817 429
5731 1382 316
5732 1640 234
5733 1346 281
5734 694 21
5735 1408 480
5736 1990 407
5737 1637 222
5738 1563 302
5739 1802 551
5740 687 34
5741 1638 295
5742 1299 313
5743 1386 485
5744 1389 326
5745 1292 421
5746 629 123
5747 1332 297
5748 1839 428
5749 1379 258
5750 594 102
5751 1571 310
5752 1989 403
5753 653 92
5754 1496 234
5755 1370 291
5756 1278 398
5757 1383 282
5758 1405 446
5759 1618 302
5760 1937 386
5761 1548 289
5762 1418 313
5763 1510 256
5764 691 37
5765 1365 236
5766 1940 381
5767 1389 480
5768 1397 299
5769 585 57
5770 1874 574
5771 654 84
5772 1306 503
5773 590 81
5774 1335 282
5775 1277 400
5776 1609 310
5777 588 57
5778 1456 268
5779 1415 334
5780 1814 432
5781 1792 513
5782 1411 326
5783 1332 267
5784 1292 322
5785 1827 430
5786 653 96
5787 1368 350
5788 1571 189
5789 1293 347
5790 596 118
5791 1873 574
5792 1830 424
5793 1379 311
5794 1307 504
5795 1384 292
5796 1338 278
5797 682 58
5798 1947 540
5799 1323 311
5800 1407 349
5801 1388 460
5802 1933 408
5803 1372 504
5804 1383 333
5805 1622 301
5806 1636 198
5807 1560 188
5808 1376 323
5809 1593 314
5810 1597 193
5811 618 120
5812 1383 483
5813 1288 376
5814 698 31
5815 1314 332
5816 572 51
5817 1377 262
5818 1783 489
5819 1432 335
5820 1584 312
5821 1271 456
5822 1614 192
5823 582 59
5824 1403 303
5825 1298 383
5826 539 0
5827 1918 393
5828 1556 285
5829 1782 474
5830 1975 443
5831 1907 401
5832 1954 415
5833 1426 323
5834 1299 295
5835 1450 270
5836 620 122
5837 1501 248
5838 1624 299
5839 538 13
5840 1481 240
5841 1455 274
5842 611 111
5843 1845 575
5844 1456 294
5845 1634 221
5846 539 17
5847 1901 398
5848 588 69
5849 1853 581
5850 1420 339
5851 1291 315
5852 1645 208
5853 1457 279
5854 1556 293
5855 1373 509
5856 1496 232
5857 1423 359
5858 1432 333
5859 636 94
5860 1977 442
5861 1886 567
5862 1863 417
5863 666 82
5864 640 101
5865 1356 293
5866 548 24
5867 1844 583
5868 1827 425
5869 1809 550
5870 1576 179
5871 1857 418
5872 1408 496
5873 1818 562
5874 1794 511
5875 1384 440
5876 1535 302
5877 1383 413
5878 1298 303
5879 1434 309
5880 1369 314
5881 1406 332
5882 1317 335
5883 1614 200
5884 1769 478
5885 1377 257
5886 1424 349
5887 640 81
5888 1403 302
5889 1344 513
5890 1458 293
5891 1384 404
5892 1347 512
5893 1376 324
5894 1388 308
5895 1548 283
5896 1518 289
5897 1838 564
5898 1303 388
5899 1355 275
5900 1382 402
5901 1275 462
5902 1348 304
5903 710 4
5904 1299 348
5905 1428 344
5906 1384 437
5907 1314 386
5908 1395 341
5909 1334 322
5910 1385 411
5911 1552 294
5912 1313 278
5913 1302 349
5914 1353 532
5915 1850 433
5916 1303 355
5917 1346 295
5918 1555 286
5919 646 94
5920 1303 541
5921 1324 296
5922 1598 307
5923 1375 529
5924 1781 496
5925 1488 235
5926 1405 346
5927 1379 492
5928 1506 236
5929 1794 432
5930 1369 278
5931 1331 514
5932 1388 455
5933 1454 284
5934 656 96
5935 1405 332
5936 1985 431
5937 1964 486
5938 1956 485
5939 1808 397
5940 1340 261
5941 1844 561
5942 1798 541
5943 1606 314
5944 1789 448
5945 1288 400
5946 661 83
5947 1327 313
5948 1959 501
5949 1449 281
5950 1777 466
5951 1952 422
5952 1373 533
5953 1311 400
5954 1324 275
5955 1593 309
5956 1827 443
5957 688 38
5958 1658 245
5959 125 1530
5960 586 64
5961 1390 353
5962 1326 379
5963 1515 283
5964 1293 392
5965 1795 512
5966 1273 398
5967 1348 294
5968 537 5
5969 1632 303
5970 1379 272
5971 1501 224
5972 568 57
5973 547 21
5974 1845 419
5975 1823 442
5976 1374 493
5977 1347 290
5978 538 9
5979 623 114
5980 1989 413
5981 545 28
5982 600 115
5983 1588 305
5984 1422 327
5985 1845 430
5986 1609 197
5987 626 100
5988 1413 478
5989 668 43
5990 1815 403
5991 1299 323
5992 681 47
5993 1548 186
5994 1796 431
5995 1400 445
5996 1532 299
5997 1922 410
5998 1612 297
5999 1326 270
6000 1393 315
6001 561 44
6002 1393 432
6003 65 1560
6004 1631 276
6005 1805 550
6006 1789 464
6007 1969 402
6008 1906 395
6009 634 124
6010 1401 499
6011 1519 282
6012 1319 309
6013 548 28
6014 1328 361
6015 1391 389
6016 1609 312
6017 1964 497
6018 1597 309
6019 1453 293
6020 1282 423
6021 1800 501
6022 1376 253
6023 67 1578
6024 1947 374
6025 1633 195
6026 1297 358
6027 1560 183
6028 1800 521
6029 1298 322
6030 1378 259
6031 1408 485
6032 1392 352
6033 1347 284
6034 1387 498
6035 1379 526
6036 1562 187
6037 1404 470
6038 57 1595
6039 1323 518
6040 577 67
6041 57 1598
6042 1307 538
6043 1898 402
6044 1958 383
6045 1338 510
6046 1920 397
6047 1900 388
6048 1363 529
6049 1424 325
6050 639 103
6051 1430 301
6052 1283 474
6053 637 86
6054 1300 295
6055 1522 287
6056 1493 237
6057 1304 498
6058 1313 367
6059 1924 553
6060 1333 286
6061 1402 368
6062 1936 532
6063 1410 348
6064 1287 495
6065 1528 295
6066 537 3
6067 617 114
6068 1415 316
6069 596 102
6070 1390 483
6071 1555 176
6072 1900 568
6073 542 22
6074 591 112
6075 1611 304
6076 1573 185
6077 1767 486
6078 1352 510
6079 1397 352
6080 1963 416
6081 1508 254
6082 131 1387
6083 1386 499
6084 1607 314
6085 651 91
6086 1332 291
6087 1301 499
6088 1275 459
6089 67 1586
6090 1356 513
6091 1388 323
6092 582 99
6093 559 40
6094 1567 306
6095 1558 179
6096 1495 245
6097 127 1537
6098 1380 255
6099 1899 397
6100 1550 176
6101 1796 439
6102 1782 459
6103 1624 192
6104 1787 489
6105 593 67
6106 1844 423
6107 1318 374
6108 599 119
6109 565 53
6110 1765 479
6111 1615 305
6112 632 103
6113 1789 450
6114 578 51
6115 1847 432
6116 1843 580
6117 1469 250
6118 1926 555
6119 1405 468
6120 1294 304
6121 1310 316
6122 580 79
6123 1367 274
6124 1821 443
6125 1611 309
6126 1325 539
6127 1288 391
6128 1288 349
6129 1979 436
6130 1372 307
6131 1781 486
6132 1963 414
6133 1967 430
6134 1948 425
6135 1778 461
6136 1468 252
6137 1324 288
6138 1653 228
6139 1998 541
6140 1516 253
6141 1400 308
6142 541 13
6143 1986 429
6144 1390 291
6145 1335 271
6146 1505 221
6147 123 1530
6148 1420 342
6149 1303 324
6150 1343 294
6151 1454 280
6152 603 110
6153 1640 279
6154 1967 479
6155 1515 252
6156 1325 374
6157 1929 420
6158 1891 395
6159 1358 284
6160 587 68
6161 1514 239
6162 1783 488
6163 1794 445
6164 1773 496
6165 1804 402
6166 646 107
6167 1290 313
6168 1781 457
6169 1656 225
6170 1322 286
6171 1803 535
6172 1865 415
6173 10 1458
6174 1462 268
6175 57 1575
6176 1285 423
6177 114 1528
6178 1814 399
6179 1396 380
6180 1398 463
6181 579 79
6182 1395 349
6183 571 45
6184 70 1610
6185 1979 453
6186 55 1566
6187 1365 504
6188 1936 414
6189 1791 509
6190 1332 318
6191 1634 285
6192 1398 366
6193 1384 311
6194 1378 294
6195 1835 440
6196 1423 297
6197 1390 416
6198 1399 445
6199 1585 189
6200 566 47
6201 1566 182
6202 575 69
6203 1392 419
6204 1353 537
6205 1320 381
6206 1776 485
6207 1637 254
6208 1501 241
6209 1375 268
6210 1795 443
6211 1861 415
6212 648 91
6213 1790 492
6214 1529 291
6215 1413 322
6216 1393 389
6217 39 1511
6218 1384 328
6219 1325 273
6220 1320 324
6221 563 43
6222 1416 342
6223 571 42
6224 1986 403
6225 622 99
6226 1814 395
6227 1628 286
6228 1630 292
6229 1853 417
6230 1382 249
6231 1461 294
6232 1587 311
6233 1319 283
6234 1653 224
6235 1832 584
6236 1776 484
6237 1300 385
6238 1788 470
6239 1821 428
6240 1925 398
6241 638 95
6242 1915 400
6243 1296 493
6244 634 113
6245 1296 342
6246 1278 391
6247 1976 543
6248 1930 420
6249 1303 358
6250 1621 208
6251 1595 185
6252 693 46
6253 1304 503
6254 1512 259
6255 1897 563
6256 1968 485
